   Qt/MSBuild: 3.5.0.0
  Reading Qt configuration (D:/Qt/6.8.3/msvc2022_64/bin/qmake)
   Qt: 6.8.3
  Moc'ing TemplateMatch.cpp...
  TemplateMatch.cpp
C:\Users\Administrator\Desktop\TemplateMatch\TemplateMatch\TemplateMatch\TemplateMatch.cpp(1,1): warning C4828: 文件包含在偏移 0x498 处开始的字符，该字符在当前源字符集中无效(代码页 65001)。
C:\Users\Administrator\Desktop\TemplateMatch\TemplateMatch\TemplateMatch\TemplateMatch.cpp(1,1): warning C4828: 文件包含在偏移 0x499 处开始的字符，该字符在当前源字符集中无效(代码页 65001)。
C:\Users\Administrator\Desktop\TemplateMatch\TemplateMatch\TemplateMatch\TemplateMatch.cpp(1,1): warning C4828: 文件包含在偏移 0x49c 处开始的字符，该字符在当前源字符集中无效(代码页 65001)。
C:\Users\Administrator\Desktop\TemplateMatch\TemplateMatch\TemplateMatch\TemplateMatch.cpp(1,1): warning C4828: 文件包含在偏移 0x49d 处开始的字符，该字符在当前源字符集中无效(代码页 65001)。
C:\Users\Administrator\Desktop\TemplateMatch\TemplateMatch\TemplateMatch\TemplateMatch.cpp(1,1): warning C4828: 文件包含在偏移 0x957 处开始的字符，该字符在当前源字符集中无效(代码页 65001)。
C:\Users\Administrator\Desktop\TemplateMatch\TemplateMatch\TemplateMatch\TemplateMatch.cpp(1,1): warning C4828: 文件包含在偏移 0x959 处开始的字符，该字符在当前源字符集中无效(代码页 65001)。
C:\Users\Administrator\Desktop\TemplateMatch\TemplateMatch\TemplateMatch\TemplateMatch.cpp(1,1): warning C4828: 文件包含在偏移 0x95a 处开始的字符，该字符在当前源字符集中无效(代码页 65001)。
C:\Users\Administrator\Desktop\TemplateMatch\TemplateMatch\TemplateMatch\TemplateMatch.cpp(1,1): warning C4828: 文件包含在偏移 0x95c 处开始的字符，该字符在当前源字符集中无效(代码页 65001)。
C:\Users\Administrator\Desktop\TemplateMatch\TemplateMatch\TemplateMatch\TemplateMatch.cpp(1,1): warning C4828: 文件包含在偏移 0x95e 处开始的字符，该字符在当前源字符集中无效(代码页 65001)。
C:\Users\Administrator\Desktop\TemplateMatch\TemplateMatch\TemplateMatch\TemplateMatch.cpp(1,1): warning C4828: 文件包含在偏移 0x95f 处开始的字符，该字符在当前源字符集中无效(代码页 65001)。
C:\Users\Administrator\Desktop\TemplateMatch\TemplateMatch\TemplateMatch\TemplateMatch.cpp(1,1): warning C4828: 文件包含在偏移 0x961 处开始的字符，该字符在当前源字符集中无效(代码页 65001)。
C:\Users\Administrator\Desktop\TemplateMatch\TemplateMatch\TemplateMatch\TemplateMatch.cpp(1,1): warning C4828: 文件包含在偏移 0x962 处开始的字符，该字符在当前源字符集中无效(代码页 65001)。
C:\Users\Administrator\Desktop\TemplateMatch\TemplateMatch\TemplateMatch\TemplateMatch.cpp(1,1): warning C4828: 文件包含在偏移 0x963 处开始的字符，该字符在当前源字符集中无效(代码页 65001)。
C:\Users\Administrator\Desktop\TemplateMatch\TemplateMatch\TemplateMatch\TemplateMatch.cpp(1,1): warning C4828: 文件包含在偏移 0x965 处开始的字符，该字符在当前源字符集中无效(代码页 65001)。
C:\Users\Administrator\Desktop\TemplateMatch\TemplateMatch\TemplateMatch\TemplateMatch.cpp(1,1): warning C4828: 文件包含在偏移 0x966 处开始的字符，该字符在当前源字符集中无效(代码页 65001)。
C:\Users\Administrator\Desktop\TemplateMatch\TemplateMatch\TemplateMatch\TemplateMatch.cpp(1,1): warning C4828: 文件包含在偏移 0x96e 处开始的字符，该字符在当前源字符集中无效(代码页 65001)。
C:\Users\Administrator\Desktop\TemplateMatch\TemplateMatch\TemplateMatch\TemplateMatch.cpp(1,1): warning C4828: 文件包含在偏移 0x972 处开始的字符，该字符在当前源字符集中无效(代码页 65001)。
C:\Users\Administrator\Desktop\TemplateMatch\TemplateMatch\TemplateMatch\TemplateMatch.cpp(1,1): warning C4828: 文件包含在偏移 0x973 处开始的字符，该字符在当前源字符集中无效(代码页 65001)。
C:\Users\Administrator\Desktop\TemplateMatch\TemplateMatch\TemplateMatch\TemplateMatch.cpp(1,1): warning C4828: 文件包含在偏移 0x977 处开始的字符，该字符在当前源字符集中无效(代码页 65001)。
C:\Users\Administrator\Desktop\TemplateMatch\TemplateMatch\TemplateMatch\TemplateMatch.cpp(1,1): warning C4828: 文件包含在偏移 0x97a 处开始的字符，该字符在当前源字符集中无效(代码页 65001)。
C:\Users\Administrator\Desktop\TemplateMatch\TemplateMatch\TemplateMatch\TemplateMatch.cpp(1,1): warning C4828: 文件包含在偏移 0x980 处开始的字符，该字符在当前源字符集中无效(代码页 65001)。
C:\Users\Administrator\Desktop\TemplateMatch\TemplateMatch\TemplateMatch\TemplateMatch.cpp(1,1): warning C4828: 文件包含在偏移 0x981 处开始的字符，该字符在当前源字符集中无效(代码页 65001)。
C:\Users\Administrator\Desktop\TemplateMatch\TemplateMatch\TemplateMatch\TemplateMatch.cpp(1,1): warning C4828: 文件包含在偏移 0x982 处开始的字符，该字符在当前源字符集中无效(代码页 65001)。
C:\Users\Administrator\Desktop\TemplateMatch\TemplateMatch\TemplateMatch\TemplateMatch.cpp(1,1): warning C4828: 文件包含在偏移 0x983 处开始的字符，该字符在当前源字符集中无效(代码页 65001)。
C:\Users\Administrator\Desktop\TemplateMatch\TemplateMatch\TemplateMatch\TemplateMatch.cpp(1,1): warning C4828: 文件包含在偏移 0x984 处开始的字符，该字符在当前源字符集中无效(代码页 65001)。
C:\Users\Administrator\Desktop\TemplateMatch\TemplateMatch\TemplateMatch\TemplateMatch.cpp(1,1): warning C4828: 文件包含在偏移 0x985 处开始的字符，该字符在当前源字符集中无效(代码页 65001)。
C:\Users\Administrator\Desktop\TemplateMatch\TemplateMatch\TemplateMatch\TemplateMatch.cpp(1,1): warning C4828: 文件包含在偏移 0x988 处开始的字符，该字符在当前源字符集中无效(代码页 65001)。
C:\Users\Administrator\Desktop\TemplateMatch\TemplateMatch\TemplateMatch\TemplateMatch.cpp(1,1): warning C4828: 文件包含在偏移 0xcbf 处开始的字符，该字符在当前源字符集中无效(代码页 65001)。
C:\Users\Administrator\Desktop\TemplateMatch\TemplateMatch\TemplateMatch\TemplateMatch.cpp(1,1): warning C4828: 文件包含在偏移 0xcc0 处开始的字符，该字符在当前源字符集中无效(代码页 65001)。
C:\Users\Administrator\Desktop\TemplateMatch\TemplateMatch\TemplateMatch\TemplateMatch.cpp(1,1): warning C4828: 文件包含在偏移 0xcc2 处开始的字符，该字符在当前源字符集中无效(代码页 65001)。
C:\Users\Administrator\Desktop\TemplateMatch\TemplateMatch\TemplateMatch\TemplateMatch.cpp(1,1): warning C4828: 文件包含在偏移 0xcca 处开始的字符，该字符在当前源字符集中无效(代码页 65001)。
C:\Users\Administrator\Desktop\TemplateMatch\TemplateMatch\TemplateMatch\TemplateMatch.cpp(1,1): warning C4828: 文件包含在偏移 0xccc 处开始的字符，该字符在当前源字符集中无效(代码页 65001)。
C:\Users\Administrator\Desktop\TemplateMatch\TemplateMatch\TemplateMatch\TemplateMatch.cpp(1,1): warning C4828: 文件包含在偏移 0xccd 处开始的字符，该字符在当前源字符集中无效(代码页 65001)。
C:\Users\Administrator\Desktop\TemplateMatch\TemplateMatch\TemplateMatch\TemplateMatch.cpp(1,1): warning C4828: 文件包含在偏移 0xccf 处开始的字符，该字符在当前源字符集中无效(代码页 65001)。
C:\Users\Administrator\Desktop\TemplateMatch\TemplateMatch\TemplateMatch\TemplateMatch.cpp(1,1): warning C4828: 文件包含在偏移 0xcd1 处开始的字符，该字符在当前源字符集中无效(代码页 65001)。
C:\Users\Administrator\Desktop\TemplateMatch\TemplateMatch\TemplateMatch\TemplateMatch.cpp(1,1): warning C4828: 文件包含在偏移 0xcd8 处开始的字符，该字符在当前源字符集中无效(代码页 65001)。
C:\Users\Administrator\Desktop\TemplateMatch\TemplateMatch\TemplateMatch\TemplateMatch.cpp(1,1): warning C4828: 文件包含在偏移 0xcd9 处开始的字符，该字符在当前源字符集中无效(代码页 65001)。
C:\Users\Administrator\Desktop\TemplateMatch\TemplateMatch\TemplateMatch\TemplateMatch.cpp(1,1): warning C4828: 文件包含在偏移 0xcda 处开始的字符，该字符在当前源字符集中无效(代码页 65001)。
C:\Users\Administrator\Desktop\TemplateMatch\TemplateMatch\TemplateMatch\TemplateMatch.cpp(1,1): warning C4828: 文件包含在偏移 0xcdc 处开始的字符，该字符在当前源字符集中无效(代码页 65001)。
C:\Users\Administrator\Desktop\TemplateMatch\TemplateMatch\TemplateMatch\TemplateMatch.cpp(1,1): warning C4828: 文件包含在偏移 0xcdd 处开始的字符，该字符在当前源字符集中无效(代码页 65001)。
C:\Users\Administrator\Desktop\TemplateMatch\TemplateMatch\TemplateMatch\TemplateMatch.cpp(1,1): warning C4828: 文件包含在偏移 0xce4 处开始的字符，该字符在当前源字符集中无效(代码页 65001)。
C:\Users\Administrator\Desktop\TemplateMatch\TemplateMatch\TemplateMatch\TemplateMatch.cpp(1,1): warning C4828: 文件包含在偏移 0xce5 处开始的字符，该字符在当前源字符集中无效(代码页 65001)。
C:\Users\Administrator\Desktop\TemplateMatch\TemplateMatch\TemplateMatch\TemplateMatch.cpp(1,1): warning C4828: 文件包含在偏移 0xe52 处开始的字符，该字符在当前源字符集中无效(代码页 65001)。
C:\Users\Administrator\Desktop\TemplateMatch\TemplateMatch\TemplateMatch\TemplateMatch.cpp(1,1): warning C4828: 文件包含在偏移 0xe53 处开始的字符，该字符在当前源字符集中无效(代码页 65001)。
C:\Users\Administrator\Desktop\TemplateMatch\TemplateMatch\TemplateMatch\TemplateMatch.cpp(1,1): warning C4828: 文件包含在偏移 0xe54 处开始的字符，该字符在当前源字符集中无效(代码页 65001)。
C:\Users\Administrator\Desktop\TemplateMatch\TemplateMatch\TemplateMatch\TemplateMatch.cpp(1,1): warning C4828: 文件包含在偏移 0xe55 处开始的字符，该字符在当前源字符集中无效(代码页 65001)。
C:\Users\Administrator\Desktop\TemplateMatch\TemplateMatch\TemplateMatch\TemplateMatch.cpp(1,1): warning C4828: 文件包含在偏移 0xe57 处开始的字符，该字符在当前源字符集中无效(代码页 65001)。
C:\Users\Administrator\Desktop\TemplateMatch\TemplateMatch\TemplateMatch\TemplateMatch.cpp(1,1): warning C4828: 文件包含在偏移 0xe58 处开始的字符，该字符在当前源字符集中无效(代码页 65001)。
C:\Users\Administrator\Desktop\TemplateMatch\TemplateMatch\TemplateMatch\TemplateMatch.cpp(1,1): warning C4828: 文件包含在偏移 0xe59 处开始的字符，该字符在当前源字符集中无效(代码页 65001)。
C:\Users\Administrator\Desktop\TemplateMatch\TemplateMatch\TemplateMatch\TemplateMatch.cpp(1,1): warning C4828: 文件包含在偏移 0xe5c 处开始的字符，该字符在当前源字符集中无效(代码页 65001)。
C:\Users\Administrator\Desktop\TemplateMatch\TemplateMatch\TemplateMatch\TemplateMatch.cpp(1,1): warning C4828: 文件包含在偏移 0xe5d 处开始的字符，该字符在当前源字符集中无效(代码页 65001)。
C:\Users\Administrator\Desktop\TemplateMatch\TemplateMatch\TemplateMatch\TemplateMatch.cpp(1,1): warning C4828: 文件包含在偏移 0xe5e 处开始的字符，该字符在当前源字符集中无效(代码页 65001)。
C:\Users\Administrator\Desktop\TemplateMatch\TemplateMatch\TemplateMatch\TemplateMatch.cpp(1,1): warning C4828: 文件包含在偏移 0xe5f 处开始的字符，该字符在当前源字符集中无效(代码页 65001)。
C:\Users\Administrator\Desktop\TemplateMatch\TemplateMatch\TemplateMatch\TemplateMatch.cpp(1,1): warning C4828: 文件包含在偏移 0xe63 处开始的字符，该字符在当前源字符集中无效(代码页 65001)。
C:\Users\Administrator\Desktop\TemplateMatch\TemplateMatch\TemplateMatch\TemplateMatch.cpp(1,1): warning C4828: 文件包含在偏移 0xe66 处开始的字符，该字符在当前源字符集中无效(代码页 65001)。
C:\Users\Administrator\Desktop\TemplateMatch\TemplateMatch\TemplateMatch\TemplateMatch.cpp(1,1): warning C4828: 文件包含在偏移 0xe69 处开始的字符，该字符在当前源字符集中无效(代码页 65001)。
C:\Users\Administrator\Desktop\TemplateMatch\TemplateMatch\TemplateMatch\TemplateMatch.cpp(1,1): warning C4828: 文件包含在偏移 0xe6c 处开始的字符，该字符在当前源字符集中无效(代码页 65001)。
C:\Users\Administrator\Desktop\TemplateMatch\TemplateMatch\TemplateMatch\TemplateMatch.cpp(1,1): warning C4828: 文件包含在偏移 0xe6d 处开始的字符，该字符在当前源字符集中无效(代码页 65001)。
C:\Users\Administrator\Desktop\TemplateMatch\TemplateMatch\TemplateMatch\TemplateMatch.cpp(1,1): warning C4828: 文件包含在偏移 0xe6e 处开始的字符，该字符在当前源字符集中无效(代码页 65001)。
C:\Users\Administrator\Desktop\TemplateMatch\TemplateMatch\TemplateMatch\TemplateMatch.cpp(1,1): warning C4828: 文件包含在偏移 0xe6f 处开始的字符，该字符在当前源字符集中无效(代码页 65001)。
C:\Users\Administrator\Desktop\TemplateMatch\TemplateMatch\TemplateMatch\TemplateMatch.cpp(1,1): warning C4828: 文件包含在偏移 0xe70 处开始的字符，该字符在当前源字符集中无效(代码页 65001)。
C:\Users\Administrator\Desktop\TemplateMatch\TemplateMatch\TemplateMatch\TemplateMatch.cpp(1,1): warning C4828: 文件包含在偏移 0xe72 处开始的字符，该字符在当前源字符集中无效(代码页 65001)。
C:\Users\Administrator\Desktop\TemplateMatch\TemplateMatch\TemplateMatch\TemplateMatch.cpp(1,1): warning C4828: 文件包含在偏移 0xe73 处开始的字符，该字符在当前源字符集中无效(代码页 65001)。
C:\Users\Administrator\Desktop\TemplateMatch\TemplateMatch\TemplateMatch\TemplateMatch.cpp(1,1): warning C4828: 文件包含在偏移 0xe74 处开始的字符，该字符在当前源字符集中无效(代码页 65001)。
C:\Users\Administrator\Desktop\TemplateMatch\TemplateMatch\TemplateMatch\TemplateMatch.cpp(1,1): warning C4828: 文件包含在偏移 0xe75 处开始的字符，该字符在当前源字符集中无效(代码页 65001)。
C:\Users\Administrator\Desktop\TemplateMatch\TemplateMatch\TemplateMatch\TemplateMatch.cpp(1,1): warning C4828: 文件包含在偏移 0xe82 处开始的字符，该字符在当前源字符集中无效(代码页 65001)。
C:\Users\Administrator\Desktop\TemplateMatch\TemplateMatch\TemplateMatch\TemplateMatch.cpp(1,1): warning C4828: 文件包含在偏移 0xe84 处开始的字符，该字符在当前源字符集中无效(代码页 65001)。
C:\Users\Administrator\Desktop\TemplateMatch\TemplateMatch\TemplateMatch\TemplateMatch.cpp(1,1): warning C4828: 文件包含在偏移 0xe85 处开始的字符，该字符在当前源字符集中无效(代码页 65001)。
C:\Users\Administrator\Desktop\TemplateMatch\TemplateMatch\TemplateMatch\TemplateMatch.cpp(1,1): warning C4828: 文件包含在偏移 0xe96 处开始的字符，该字符在当前源字符集中无效(代码页 65001)。
C:\Users\Administrator\Desktop\TemplateMatch\TemplateMatch\TemplateMatch\TemplateMatch.cpp(1,1): warning C4828: 文件包含在偏移 0xe97 处开始的字符，该字符在当前源字符集中无效(代码页 65001)。
C:\Users\Administrator\Desktop\TemplateMatch\TemplateMatch\TemplateMatch\TemplateMatch.cpp(1,1): warning C4828: 文件包含在偏移 0xe98 处开始的字符，该字符在当前源字符集中无效(代码页 65001)。
C:\Users\Administrator\Desktop\TemplateMatch\TemplateMatch\TemplateMatch\TemplateMatch.cpp(1,1): warning C4828: 文件包含在偏移 0xe99 处开始的字符，该字符在当前源字符集中无效(代码页 65001)。
C:\Users\Administrator\Desktop\TemplateMatch\TemplateMatch\TemplateMatch\TemplateMatch.cpp(1,1): warning C4828: 文件包含在偏移 0xea1 处开始的字符，该字符在当前源字符集中无效(代码页 65001)。
C:\Users\Administrator\Desktop\TemplateMatch\TemplateMatch\TemplateMatch\TemplateMatch.cpp(1,1): warning C4828: 文件包含在偏移 0xea2 处开始的字符，该字符在当前源字符集中无效(代码页 65001)。
C:\Users\Administrator\Desktop\TemplateMatch\TemplateMatch\TemplateMatch\TemplateMatch.cpp(1,1): warning C4828: 文件包含在偏移 0xea5 处开始的字符，该字符在当前源字符集中无效(代码页 65001)。
C:\Users\Administrator\Desktop\TemplateMatch\TemplateMatch\TemplateMatch\TemplateMatch.cpp(1,1): warning C4828: 文件包含在偏移 0xea7 处开始的字符，该字符在当前源字符集中无效(代码页 65001)。
C:\Users\Administrator\Desktop\TemplateMatch\TemplateMatch\TemplateMatch\TemplateMatch.cpp(1,1): warning C4828: 文件包含在偏移 0xea8 处开始的字符，该字符在当前源字符集中无效(代码页 65001)。
C:\Users\Administrator\Desktop\TemplateMatch\TemplateMatch\TemplateMatch\TemplateMatch.cpp(1,1): warning C4828: 文件包含在偏移 0xea9 处开始的字符，该字符在当前源字符集中无效(代码页 65001)。
C:\Users\Administrator\Desktop\TemplateMatch\TemplateMatch\TemplateMatch\TemplateMatch.cpp(1,1): warning C4828: 文件包含在偏移 0xeaa 处开始的字符，该字符在当前源字符集中无效(代码页 65001)。
C:\Users\Administrator\Desktop\TemplateMatch\TemplateMatch\TemplateMatch\TemplateMatch.cpp(1,1): warning C4828: 文件包含在偏移 0xeac 处开始的字符，该字符在当前源字符集中无效(代码页 65001)。
C:\Users\Administrator\Desktop\TemplateMatch\TemplateMatch\TemplateMatch\TemplateMatch.cpp(1,1): warning C4828: 文件包含在偏移 0xeb1 处开始的字符，该字符在当前源字符集中无效(代码页 65001)。
C:\Users\Administrator\Desktop\TemplateMatch\TemplateMatch\TemplateMatch\TemplateMatch.cpp(1,1): warning C4828: 文件包含在偏移 0xeb2 处开始的字符，该字符在当前源字符集中无效(代码页 65001)。
C:\Users\Administrator\Desktop\TemplateMatch\TemplateMatch\TemplateMatch\TemplateMatch.cpp(1,1): warning C4828: 文件包含在偏移 0xeb6 处开始的字符，该字符在当前源字符集中无效(代码页 65001)。
C:\Users\Administrator\Desktop\TemplateMatch\TemplateMatch\TemplateMatch\TemplateMatch.cpp(1,1): warning C4828: 文件包含在偏移 0xeb7 处开始的字符，该字符在当前源字符集中无效(代码页 65001)。
C:\Users\Administrator\Desktop\TemplateMatch\TemplateMatch\TemplateMatch\TemplateMatch.cpp(1,1): warning C4828: 文件包含在偏移 0xeb9 处开始的字符，该字符在当前源字符集中无效(代码页 65001)。
C:\Users\Administrator\Desktop\TemplateMatch\TemplateMatch\TemplateMatch\TemplateMatch.cpp(1,1): warning C4828: 文件包含在偏移 0xeba 处开始的字符，该字符在当前源字符集中无效(代码页 65001)。
C:\Users\Administrator\Desktop\TemplateMatch\TemplateMatch\TemplateMatch\TemplateMatch.cpp(1,1): warning C4828: 文件包含在偏移 0xec7 处开始的字符，该字符在当前源字符集中无效(代码页 65001)。
C:\Users\Administrator\Desktop\TemplateMatch\TemplateMatch\TemplateMatch\TemplateMatch.cpp(1,1): warning C4828: 文件包含在偏移 0xec8 处开始的字符，该字符在当前源字符集中无效(代码页 65001)。
C:\Users\Administrator\Desktop\TemplateMatch\TemplateMatch\TemplateMatch\TemplateMatch.cpp(1,1): warning C4828: 文件包含在偏移 0xeca 处开始的字符，该字符在当前源字符集中无效(代码页 65001)。
C:\Users\Administrator\Desktop\TemplateMatch\TemplateMatch\TemplateMatch\TemplateMatch.cpp(1,1): warning C4828: 文件包含在偏移 0xecb 处开始的字符，该字符在当前源字符集中无效(代码页 65001)。
C:\Users\Administrator\Desktop\TemplateMatch\TemplateMatch\TemplateMatch\TemplateMatch.cpp(1,1): warning C4828: 文件包含在偏移 0xecc 处开始的字符，该字符在当前源字符集中无效(代码页 65001)。
C:\Users\Administrator\Desktop\TemplateMatch\TemplateMatch\TemplateMatch\TemplateMatch.cpp(1,1): warning C4828: 文件包含在偏移 0xecd 处开始的字符，该字符在当前源字符集中无效(代码页 65001)。
C:\Users\Administrator\Desktop\TemplateMatch\TemplateMatch\TemplateMatch\TemplateMatch.cpp(1,1): warning C4828: 文件包含在偏移 0xece 处开始的字符，该字符在当前源字符集中无效(代码页 65001)。
C:\Users\Administrator\Desktop\TemplateMatch\TemplateMatch\TemplateMatch\TemplateMatch.cpp(1,1): warning C4828: 文件包含在偏移 0xed1 处开始的字符，该字符在当前源字符集中无效(代码页 65001)。
C:\Users\Administrator\Desktop\TemplateMatch\TemplateMatch\TemplateMatch\TemplateMatch.cpp(1,1): warning C4828: 文件包含在偏移 0xed4 处开始的字符，该字符在当前源字符集中无效(代码页 65001)。
C:\Users\Administrator\Desktop\TemplateMatch\TemplateMatch\TemplateMatch\TemplateMatch.cpp(1,1): warning C4828: 文件包含在偏移 0xed5 处开始的字符，该字符在当前源字符集中无效(代码页 65001)。
C:\Users\Administrator\Desktop\TemplateMatch\TemplateMatch\TemplateMatch\TemplateMatch.cpp(1,1): warning C4828: 文件包含在偏移 0xed9 处开始的字符，该字符在当前源字符集中无效(代码页 65001)。
C:\Users\Administrator\Desktop\TemplateMatch\TemplateMatch\TemplateMatch\TemplateMatch.cpp(1,1): warning C4828: 文件包含在偏移 0xeda 处开始的字符，该字符在当前源字符集中无效(代码页 65001)。
C:\Users\Administrator\Desktop\TemplateMatch\TemplateMatch\TemplateMatch\TemplateMatch.cpp(1,1): warning C4828: 文件包含在偏移 0xedb 处开始的字符，该字符在当前源字符集中无效(代码页 65001)。
C:\Users\Administrator\Desktop\TemplateMatch\TemplateMatch\TemplateMatch\TemplateMatch.cpp(1,1): warning C4828: 文件包含在偏移 0xedd 处开始的字符，该字符在当前源字符集中无效(代码页 65001)。
C:\Users\Administrator\Desktop\TemplateMatch\TemplateMatch\TemplateMatch\TemplateMatch.cpp(1,1): warning C4828: 文件包含在偏移 0xede 处开始的字符，该字符在当前源字符集中无效(代码页 65001)。
C:\Users\Administrator\Desktop\TemplateMatch\TemplateMatch\TemplateMatch\TemplateMatch.cpp(1,1): warning C4828: 文件包含在偏移 0xedf 处开始的字符，该字符在当前源字符集中无效(代码页 65001)。
C:\Users\Administrator\Desktop\TemplateMatch\TemplateMatch\TemplateMatch\TemplateMatch.cpp(1,1): warning C4828: 文件包含在偏移 0xee1 处开始的字符，该字符在当前源字符集中无效(代码页 65001)。
C:\Users\Administrator\Desktop\TemplateMatch\TemplateMatch\TemplateMatch\TemplateMatch.cpp(1,1): warning C4828: 文件包含在偏移 0xf71 处开始的字符，该字符在当前源字符集中无效(代码页 65001)。
C:\Users\Administrator\Desktop\TemplateMatch\TemplateMatch\TemplateMatch\TemplateMatch.cpp(1,1): warning C4828: 文件包含在偏移 0xf76 处开始的字符，该字符在当前源字符集中无效(代码页 65001)。
C:\Users\Administrator\Desktop\TemplateMatch\TemplateMatch\TemplateMatch\TemplateMatch.cpp(1,1): warning C4828: 文件包含在偏移 0xf78 处开始的字符，该字符在当前源字符集中无效(代码页 65001)。
C:\Users\Administrator\Desktop\TemplateMatch\TemplateMatch\TemplateMatch\TemplateMatch.cpp(1,1): warning C4828: 文件包含在偏移 0xf79 处开始的字符，该字符在当前源字符集中无效(代码页 65001)。
C:\Users\Administrator\Desktop\TemplateMatch\TemplateMatch\TemplateMatch\TemplateMatch.cpp(1,1): warning C4828: 文件包含在偏移 0xf7b 处开始的字符，该字符在当前源字符集中无效(代码页 65001)。
C:\Users\Administrator\Desktop\TemplateMatch\TemplateMatch\TemplateMatch\TemplateMatch.cpp(1,1): warning C4828: 文件包含在偏移 0xf84 处开始的字符，该字符在当前源字符集中无效(代码页 65001)。
C:\Users\Administrator\Desktop\TemplateMatch\TemplateMatch\TemplateMatch\TemplateMatch.cpp(1,1): warning C4828: 文件包含在偏移 0xf86 处开始的字符，该字符在当前源字符集中无效(代码页 65001)。
C:\Users\Administrator\Desktop\TemplateMatch\TemplateMatch\TemplateMatch\TemplateMatch.cpp(1,1): warning C4828: 文件包含在偏移 0xf88 处开始的字符，该字符在当前源字符集中无效(代码页 65001)。
C:\Users\Administrator\Desktop\TemplateMatch\TemplateMatch\TemplateMatch\TemplateMatch.cpp(1,1): warning C4828: 文件包含在偏移 0xf89 处开始的字符，该字符在当前源字符集中无效(代码页 65001)。
C:\Users\Administrator\Desktop\TemplateMatch\TemplateMatch\TemplateMatch\TemplateMatch.cpp(1,1): warning C4828: 文件包含在偏移 0xf8d 处开始的字符，该字符在当前源字符集中无效(代码页 65001)。
C:\Users\Administrator\Desktop\TemplateMatch\TemplateMatch\TemplateMatch\TemplateMatch.cpp(1,1): warning C4828: 文件包含在偏移 0xf8f 处开始的字符，该字符在当前源字符集中无效(代码页 65001)。
C:\Users\Administrator\Desktop\TemplateMatch\TemplateMatch\TemplateMatch\TemplateMatch.cpp(1,1): warning C4828: 文件包含在偏移 0xf90 处开始的字符，该字符在当前源字符集中无效(代码页 65001)。
C:\Users\Administrator\Desktop\TemplateMatch\TemplateMatch\TemplateMatch\TemplateMatch.cpp(1,1): warning C4828: 文件包含在偏移 0xf91 处开始的字符，该字符在当前源字符集中无效(代码页 65001)。
C:\Users\Administrator\Desktop\TemplateMatch\TemplateMatch\TemplateMatch\TemplateMatch.cpp(1,1): warning C4828: 文件包含在偏移 0x1146 处开始的字符，该字符在当前源字符集中无效(代码页 65001)。
C:\Users\Administrator\Desktop\TemplateMatch\TemplateMatch\TemplateMatch\TemplateMatch.cpp(1,1): warning C4828: 文件包含在偏移 0x114a 处开始的字符，该字符在当前源字符集中无效(代码页 65001)。
C:\Users\Administrator\Desktop\TemplateMatch\TemplateMatch\TemplateMatch\TemplateMatch.cpp(1,1): warning C4828: 文件包含在偏移 0x114b 处开始的字符，该字符在当前源字符集中无效(代码页 65001)。
C:\Users\Administrator\Desktop\TemplateMatch\TemplateMatch\TemplateMatch\TemplateMatch.cpp(1,1): warning C4828: 文件包含在偏移 0x114e 处开始的字符，该字符在当前源字符集中无效(代码页 65001)。
C:\Users\Administrator\Desktop\TemplateMatch\TemplateMatch\TemplateMatch\TemplateMatch.cpp(1,1): warning C4828: 文件包含在偏移 0x114f 处开始的字符，该字符在当前源字符集中无效(代码页 65001)。
C:\Users\Administrator\Desktop\TemplateMatch\TemplateMatch\TemplateMatch\TemplateMatch.cpp(1,1): warning C4828: 文件包含在偏移 0x1151 处开始的字符，该字符在当前源字符集中无效(代码页 65001)。
C:\Users\Administrator\Desktop\TemplateMatch\TemplateMatch\TemplateMatch\TemplateMatch.cpp(1,1): warning C4828: 文件包含在偏移 0x1154 处开始的字符，该字符在当前源字符集中无效(代码页 65001)。
C:\Users\Administrator\Desktop\TemplateMatch\TemplateMatch\TemplateMatch\TemplateMatch.cpp(1,1): warning C4828: 文件包含在偏移 0x1155 处开始的字符，该字符在当前源字符集中无效(代码页 65001)。
C:\Users\Administrator\Desktop\TemplateMatch\TemplateMatch\TemplateMatch\TemplateMatch.cpp(1,1): warning C4828: 文件包含在偏移 0x1156 处开始的字符，该字符在当前源字符集中无效(代码页 65001)。
C:\Users\Administrator\Desktop\TemplateMatch\TemplateMatch\TemplateMatch\TemplateMatch.cpp(1,1): warning C4828: 文件包含在偏移 0x1158 处开始的字符，该字符在当前源字符集中无效(代码页 65001)。
C:\Users\Administrator\Desktop\TemplateMatch\TemplateMatch\TemplateMatch\TemplateMatch.cpp(1,1): warning C4828: 文件包含在偏移 0x115a 处开始的字符，该字符在当前源字符集中无效(代码页 65001)。
C:\Users\Administrator\Desktop\TemplateMatch\TemplateMatch\TemplateMatch\TemplateMatch.cpp(1,1): warning C4828: 文件包含在偏移 0x115b 处开始的字符，该字符在当前源字符集中无效(代码页 65001)。
C:\Users\Administrator\Desktop\TemplateMatch\TemplateMatch\TemplateMatch\TemplateMatch.cpp(1,1): warning C4828: 文件包含在偏移 0x115d 处开始的字符，该字符在当前源字符集中无效(代码页 65001)。
C:\Users\Administrator\Desktop\TemplateMatch\TemplateMatch\TemplateMatch\TemplateMatch.cpp(1,1): warning C4828: 文件包含在偏移 0x115e 处开始的字符，该字符在当前源字符集中无效(代码页 65001)。
C:\Users\Administrator\Desktop\TemplateMatch\TemplateMatch\TemplateMatch\TemplateMatch.cpp(1,1): warning C4828: 文件包含在偏移 0x1160 处开始的字符，该字符在当前源字符集中无效(代码页 65001)。
C:\Users\Administrator\Desktop\TemplateMatch\TemplateMatch\TemplateMatch\TemplateMatch.cpp(1,1): warning C4828: 文件包含在偏移 0x1161 处开始的字符，该字符在当前源字符集中无效(代码页 65001)。
C:\Users\Administrator\Desktop\TemplateMatch\TemplateMatch\TemplateMatch\TemplateMatch.cpp(1,1): warning C4828: 文件包含在偏移 0x1162 处开始的字符，该字符在当前源字符集中无效(代码页 65001)。
C:\Users\Administrator\Desktop\TemplateMatch\TemplateMatch\TemplateMatch\TemplateMatch.cpp(1,1): warning C4828: 文件包含在偏移 0x1164 处开始的字符，该字符在当前源字符集中无效(代码页 65001)。
C:\Users\Administrator\Desktop\TemplateMatch\TemplateMatch\TemplateMatch\TemplateMatch.cpp(1,1): warning C4828: 文件包含在偏移 0x1165 处开始的字符，该字符在当前源字符集中无效(代码页 65001)。
C:\Users\Administrator\Desktop\TemplateMatch\TemplateMatch\TemplateMatch\TemplateMatch.cpp(1,1): warning C4828: 文件包含在偏移 0x11a6 处开始的字符，该字符在当前源字符集中无效(代码页 65001)。
C:\Users\Administrator\Desktop\TemplateMatch\TemplateMatch\TemplateMatch\TemplateMatch.cpp(1,1): warning C4828: 文件包含在偏移 0x11a7 处开始的字符，该字符在当前源字符集中无效(代码页 65001)。
C:\Users\Administrator\Desktop\TemplateMatch\TemplateMatch\TemplateMatch\TemplateMatch.cpp(1,1): warning C4828: 文件包含在偏移 0x11ab 处开始的字符，该字符在当前源字符集中无效(代码页 65001)。
C:\Users\Administrator\Desktop\TemplateMatch\TemplateMatch\TemplateMatch\TemplateMatch.cpp(1,1): warning C4828: 文件包含在偏移 0x11ae 处开始的字符，该字符在当前源字符集中无效(代码页 65001)。
C:\Users\Administrator\Desktop\TemplateMatch\TemplateMatch\TemplateMatch\TemplateMatch.cpp(1,1): warning C4828: 文件包含在偏移 0x11af 处开始的字符，该字符在当前源字符集中无效(代码页 65001)。
C:\Users\Administrator\Desktop\TemplateMatch\TemplateMatch\TemplateMatch\TemplateMatch.cpp(1,1): warning C4828: 文件包含在偏移 0x11b2 处开始的字符，该字符在当前源字符集中无效(代码页 65001)。
C:\Users\Administrator\Desktop\TemplateMatch\TemplateMatch\TemplateMatch\TemplateMatch.cpp(1,1): warning C4828: 文件包含在偏移 0x11b3 处开始的字符，该字符在当前源字符集中无效(代码页 65001)。
C:\Users\Administrator\Desktop\TemplateMatch\TemplateMatch\TemplateMatch\TemplateMatch.cpp(1,1): warning C4828: 文件包含在偏移 0x11b8 处开始的字符，该字符在当前源字符集中无效(代码页 65001)。
C:\Users\Administrator\Desktop\TemplateMatch\TemplateMatch\TemplateMatch\TemplateMatch.cpp(1,1): warning C4828: 文件包含在偏移 0x11b9 处开始的字符，该字符在当前源字符集中无效(代码页 65001)。
C:\Users\Administrator\Desktop\TemplateMatch\TemplateMatch\TemplateMatch\TemplateMatch.cpp(1,1): warning C4828: 文件包含在偏移 0x11ba 处开始的字符，该字符在当前源字符集中无效(代码页 65001)。
C:\Users\Administrator\Desktop\TemplateMatch\TemplateMatch\TemplateMatch\TemplateMatch.cpp(1,1): warning C4828: 文件包含在偏移 0x11bb 处开始的字符，该字符在当前源字符集中无效(代码页 65001)。
C:\Users\Administrator\Desktop\TemplateMatch\TemplateMatch\TemplateMatch\TemplateMatch.cpp(1,1): warning C4828: 文件包含在偏移 0x11c1 处开始的字符，该字符在当前源字符集中无效(代码页 65001)。
C:\Users\Administrator\Desktop\TemplateMatch\TemplateMatch\TemplateMatch\TemplateMatch.cpp(1,1): warning C4828: 文件包含在偏移 0x11c2 处开始的字符，该字符在当前源字符集中无效(代码页 65001)。
C:\Users\Administrator\Desktop\TemplateMatch\TemplateMatch\TemplateMatch\TemplateMatch.cpp(1,1): warning C4828: 文件包含在偏移 0x11c3 处开始的字符，该字符在当前源字符集中无效(代码页 65001)。
C:\Users\Administrator\Desktop\TemplateMatch\TemplateMatch\TemplateMatch\TemplateMatch.cpp(1,1): warning C4828: 文件包含在偏移 0x11c6 处开始的字符，该字符在当前源字符集中无效(代码页 65001)。
C:\Users\Administrator\Desktop\TemplateMatch\TemplateMatch\TemplateMatch\TemplateMatch.cpp(1,1): warning C4828: 文件包含在偏移 0x11cf 处开始的字符，该字符在当前源字符集中无效(代码页 65001)。
C:\Users\Administrator\Desktop\TemplateMatch\TemplateMatch\TemplateMatch\TemplateMatch.cpp(1,1): warning C4828: 文件包含在偏移 0x11d1 处开始的字符，该字符在当前源字符集中无效(代码页 65001)。
C:\Users\Administrator\Desktop\TemplateMatch\TemplateMatch\TemplateMatch\TemplateMatch.cpp(1,1): warning C4828: 文件包含在偏移 0x11d3 处开始的字符，该字符在当前源字符集中无效(代码页 65001)。
C:\Users\Administrator\Desktop\TemplateMatch\TemplateMatch\TemplateMatch\TemplateMatch.cpp(1,1): warning C4828: 文件包含在偏移 0x11d4 处开始的字符，该字符在当前源字符集中无效(代码页 65001)。
C:\Users\Administrator\Desktop\TemplateMatch\TemplateMatch\TemplateMatch\TemplateMatch.cpp(1,1): warning C4828: 文件包含在偏移 0x12e7 处开始的字符，该字符在当前源字符集中无效(代码页 65001)。
C:\Users\Administrator\Desktop\TemplateMatch\TemplateMatch\TemplateMatch\TemplateMatch.cpp(1,1): warning C4828: 文件包含在偏移 0x12e8 处开始的字符，该字符在当前源字符集中无效(代码页 65001)。
C:\Users\Administrator\Desktop\TemplateMatch\TemplateMatch\TemplateMatch\TemplateMatch.cpp(1,1): warning C4828: 文件包含在偏移 0x12eb 处开始的字符，该字符在当前源字符集中无效(代码页 65001)。
C:\Users\Administrator\Desktop\TemplateMatch\TemplateMatch\TemplateMatch\TemplateMatch.cpp(1,1): warning C4828: 文件包含在偏移 0x12ec 处开始的字符，该字符在当前源字符集中无效(代码页 65001)。
C:\Users\Administrator\Desktop\TemplateMatch\TemplateMatch\TemplateMatch\TemplateMatch.cpp(1,1): warning C4828: 文件包含在偏移 0x12ee 处开始的字符，该字符在当前源字符集中无效(代码页 65001)。
C:\Users\Administrator\Desktop\TemplateMatch\TemplateMatch\TemplateMatch\TemplateMatch.cpp(1,1): warning C4828: 文件包含在偏移 0x12ef 处开始的字符，该字符在当前源字符集中无效(代码页 65001)。
C:\Users\Administrator\Desktop\TemplateMatch\TemplateMatch\TemplateMatch\TemplateMatch.cpp(1,1): warning C4828: 文件包含在偏移 0x12f0 处开始的字符，该字符在当前源字符集中无效(代码页 65001)。
C:\Users\Administrator\Desktop\TemplateMatch\TemplateMatch\TemplateMatch\TemplateMatch.cpp(1,1): warning C4828: 文件包含在偏移 0x12f3 处开始的字符，该字符在当前源字符集中无效(代码页 65001)。
C:\Users\Administrator\Desktop\TemplateMatch\TemplateMatch\TemplateMatch\TemplateMatch.cpp(1,1): warning C4828: 文件包含在偏移 0x12f5 处开始的字符，该字符在当前源字符集中无效(代码页 65001)。
C:\Users\Administrator\Desktop\TemplateMatch\TemplateMatch\TemplateMatch\TemplateMatch.cpp(1,1): warning C4828: 文件包含在偏移 0x12fe 处开始的字符，该字符在当前源字符集中无效(代码页 65001)。
C:\Users\Administrator\Desktop\TemplateMatch\TemplateMatch\TemplateMatch\TemplateMatch.cpp(1,1): warning C4828: 文件包含在偏移 0x1304 处开始的字符，该字符在当前源字符集中无效(代码页 65001)。
C:\Users\Administrator\Desktop\TemplateMatch\TemplateMatch\TemplateMatch\TemplateMatch.cpp(1,1): warning C4828: 文件包含在偏移 0x1308 处开始的字符，该字符在当前源字符集中无效(代码页 65001)。
C:\Users\Administrator\Desktop\TemplateMatch\TemplateMatch\TemplateMatch\TemplateMatch.cpp(1,1): warning C4828: 文件包含在偏移 0x1309 处开始的字符，该字符在当前源字符集中无效(代码页 65001)。
C:\Users\Administrator\Desktop\TemplateMatch\TemplateMatch\TemplateMatch\TemplateMatch.cpp(1,1): warning C4828: 文件包含在偏移 0x13c6 处开始的字符，该字符在当前源字符集中无效(代码页 65001)。
C:\Users\Administrator\Desktop\TemplateMatch\TemplateMatch\TemplateMatch\TemplateMatch.cpp(1,1): warning C4828: 文件包含在偏移 0x13c7 处开始的字符，该字符在当前源字符集中无效(代码页 65001)。
C:\Users\Administrator\Desktop\TemplateMatch\TemplateMatch\TemplateMatch\TemplateMatch.cpp(1,1): warning C4828: 文件包含在偏移 0x13c8 处开始的字符，该字符在当前源字符集中无效(代码页 65001)。
C:\Users\Administrator\Desktop\TemplateMatch\TemplateMatch\TemplateMatch\TemplateMatch.cpp(1,1): warning C4828: 文件包含在偏移 0x13ca 处开始的字符，该字符在当前源字符集中无效(代码页 65001)。
C:\Users\Administrator\Desktop\TemplateMatch\TemplateMatch\TemplateMatch\TemplateMatch.cpp(1,1): warning C4828: 文件包含在偏移 0x13cb 处开始的字符，该字符在当前源字符集中无效(代码页 65001)。
C:\Users\Administrator\Desktop\TemplateMatch\TemplateMatch\TemplateMatch\TemplateMatch.cpp(1,1): warning C4828: 文件包含在偏移 0x13ce 处开始的字符，该字符在当前源字符集中无效(代码页 65001)。
C:\Users\Administrator\Desktop\TemplateMatch\TemplateMatch\TemplateMatch\TemplateMatch.cpp(1,1): warning C4828: 文件包含在偏移 0x13cf 处开始的字符，该字符在当前源字符集中无效(代码页 65001)。
C:\Users\Administrator\Desktop\TemplateMatch\TemplateMatch\TemplateMatch\TemplateMatch.cpp(1,1): warning C4828: 文件包含在偏移 0x13d2 处开始的字符，该字符在当前源字符集中无效(代码页 65001)。
C:\Users\Administrator\Desktop\TemplateMatch\TemplateMatch\TemplateMatch\TemplateMatch.cpp(1,1): warning C4828: 文件包含在偏移 0x13d4 处开始的字符，该字符在当前源字符集中无效(代码页 65001)。
C:\Users\Administrator\Desktop\TemplateMatch\TemplateMatch\TemplateMatch\TemplateMatch.cpp(1,1): warning C4828: 文件包含在偏移 0x13d5 处开始的字符，该字符在当前源字符集中无效(代码页 65001)。
C:\Users\Administrator\Desktop\TemplateMatch\TemplateMatch\TemplateMatch\TemplateMatch.cpp(1,1): warning C4828: 文件包含在偏移 0x13d6 处开始的字符，该字符在当前源字符集中无效(代码页 65001)。
C:\Users\Administrator\Desktop\TemplateMatch\TemplateMatch\TemplateMatch\TemplateMatch.cpp(1,1): warning C4828: 文件包含在偏移 0x13e3 处开始的字符，该字符在当前源字符集中无效(代码页 65001)。
C:\Users\Administrator\Desktop\TemplateMatch\TemplateMatch\TemplateMatch\TemplateMatch.cpp(1,1): warning C4828: 文件包含在偏移 0x13e7 处开始的字符，该字符在当前源字符集中无效(代码页 65001)。
C:\Users\Administrator\Desktop\TemplateMatch\TemplateMatch\TemplateMatch\TemplateMatch.cpp(1,1): warning C4828: 文件包含在偏移 0x13e8 处开始的字符，该字符在当前源字符集中无效(代码页 65001)。
C:\Users\Administrator\Desktop\TemplateMatch\TemplateMatch\TemplateMatch\TemplateMatch.cpp(1,1): warning C4828: 文件包含在偏移 0x13eb 处开始的字符，该字符在当前源字符集中无效(代码页 65001)。
C:\Users\Administrator\Desktop\TemplateMatch\TemplateMatch\TemplateMatch\TemplateMatch.cpp(1,1): warning C4828: 文件包含在偏移 0x155f 处开始的字符，该字符在当前源字符集中无效(代码页 65001)。
C:\Users\Administrator\Desktop\TemplateMatch\TemplateMatch\TemplateMatch\TemplateMatch.cpp(1,1): warning C4828: 文件包含在偏移 0x1560 处开始的字符，该字符在当前源字符集中无效(代码页 65001)。
C:\Users\Administrator\Desktop\TemplateMatch\TemplateMatch\TemplateMatch\TemplateMatch.cpp(1,1): warning C4828: 文件包含在偏移 0x1569 处开始的字符，该字符在当前源字符集中无效(代码页 65001)。
C:\Users\Administrator\Desktop\TemplateMatch\TemplateMatch\TemplateMatch\TemplateMatch.cpp(1,1): warning C4828: 文件包含在偏移 0x156b 处开始的字符，该字符在当前源字符集中无效(代码页 65001)。
C:\Users\Administrator\Desktop\TemplateMatch\TemplateMatch\TemplateMatch\TemplateMatch.cpp(1,1): warning C4828: 文件包含在偏移 0x156c 处开始的字符，该字符在当前源字符集中无效(代码页 65001)。
C:\Users\Administrator\Desktop\TemplateMatch\TemplateMatch\TemplateMatch\TemplateMatch.cpp(1,1): warning C4828: 文件包含在偏移 0x156e 处开始的字符，该字符在当前源字符集中无效(代码页 65001)。
C:\Users\Administrator\Desktop\TemplateMatch\TemplateMatch\TemplateMatch\TemplateMatch.cpp(1,1): warning C4828: 文件包含在偏移 0x1570 处开始的字符，该字符在当前源字符集中无效(代码页 65001)。
C:\Users\Administrator\Desktop\TemplateMatch\TemplateMatch\TemplateMatch\TemplateMatch.cpp(1,1): warning C4828: 文件包含在偏移 0x1574 处开始的字符，该字符在当前源字符集中无效(代码页 65001)。
C:\Users\Administrator\Desktop\TemplateMatch\TemplateMatch\TemplateMatch\TemplateMatch.cpp(1,1): warning C4828: 文件包含在偏移 0x1577 处开始的字符，该字符在当前源字符集中无效(代码页 65001)。
C:\Users\Administrator\Desktop\TemplateMatch\TemplateMatch\TemplateMatch\TemplateMatch.cpp(1,1): warning C4828: 文件包含在偏移 0x16c4 处开始的字符，该字符在当前源字符集中无效(代码页 65001)。
C:\Users\Administrator\Desktop\TemplateMatch\TemplateMatch\TemplateMatch\TemplateMatch.cpp(1,1): warning C4828: 文件包含在偏移 0x16c5 处开始的字符，该字符在当前源字符集中无效(代码页 65001)。
C:\Users\Administrator\Desktop\TemplateMatch\TemplateMatch\TemplateMatch\TemplateMatch.cpp(1,1): warning C4828: 文件包含在偏移 0x16c6 处开始的字符，该字符在当前源字符集中无效(代码页 65001)。
C:\Users\Administrator\Desktop\TemplateMatch\TemplateMatch\TemplateMatch\TemplateMatch.cpp(1,1): warning C4828: 文件包含在偏移 0x16ca 处开始的字符，该字符在当前源字符集中无效(代码页 65001)。
C:\Users\Administrator\Desktop\TemplateMatch\TemplateMatch\TemplateMatch\TemplateMatch.cpp(1,1): warning C4828: 文件包含在偏移 0x16cb 处开始的字符，该字符在当前源字符集中无效(代码页 65001)。
C:\Users\Administrator\Desktop\TemplateMatch\TemplateMatch\TemplateMatch\TemplateMatch.cpp(1,1): warning C4828: 文件包含在偏移 0x16ce 处开始的字符，该字符在当前源字符集中无效(代码页 65001)。
C:\Users\Administrator\Desktop\TemplateMatch\TemplateMatch\TemplateMatch\TemplateMatch.cpp(1,1): warning C4828: 文件包含在偏移 0x16d4 处开始的字符，该字符在当前源字符集中无效(代码页 65001)。
C:\Users\Administrator\Desktop\TemplateMatch\TemplateMatch\TemplateMatch\TemplateMatch.cpp(1,1): warning C4828: 文件包含在偏移 0x16d5 处开始的字符，该字符在当前源字符集中无效(代码页 65001)。
C:\Users\Administrator\Desktop\TemplateMatch\TemplateMatch\TemplateMatch\TemplateMatch.cpp(1,1): warning C4828: 文件包含在偏移 0x17f8 处开始的字符，该字符在当前源字符集中无效(代码页 65001)。
C:\Users\Administrator\Desktop\TemplateMatch\TemplateMatch\TemplateMatch\TemplateMatch.cpp(1,1): warning C4828: 文件包含在偏移 0x17f9 处开始的字符，该字符在当前源字符集中无效(代码页 65001)。
C:\Users\Administrator\Desktop\TemplateMatch\TemplateMatch\TemplateMatch\TemplateMatch.cpp(1,1): warning C4828: 文件包含在偏移 0x17fb 处开始的字符，该字符在当前源字符集中无效(代码页 65001)。
C:\Users\Administrator\Desktop\TemplateMatch\TemplateMatch\TemplateMatch\TemplateMatch.cpp(1,1): warning C4828: 文件包含在偏移 0x1805 处开始的字符，该字符在当前源字符集中无效(代码页 65001)。
C:\Users\Administrator\Desktop\TemplateMatch\TemplateMatch\TemplateMatch\TemplateMatch.cpp(1,1): warning C4828: 文件包含在偏移 0x1806 处开始的字符，该字符在当前源字符集中无效(代码页 65001)。
C:\Users\Administrator\Desktop\TemplateMatch\TemplateMatch\TemplateMatch\TemplateMatch.cpp(1,1): warning C4828: 文件包含在偏移 0x1807 处开始的字符，该字符在当前源字符集中无效(代码页 65001)。
C:\Users\Administrator\Desktop\TemplateMatch\TemplateMatch\TemplateMatch\TemplateMatch.cpp(1,1): warning C4828: 文件包含在偏移 0x1810 处开始的字符，该字符在当前源字符集中无效(代码页 65001)。
C:\Users\Administrator\Desktop\TemplateMatch\TemplateMatch\TemplateMatch\TemplateMatch.cpp(1,1): warning C4828: 文件包含在偏移 0x1812 处开始的字符，该字符在当前源字符集中无效(代码页 65001)。
C:\Users\Administrator\Desktop\TemplateMatch\TemplateMatch\TemplateMatch\TemplateMatch.cpp(1,1): warning C4828: 文件包含在偏移 0x1813 处开始的字符，该字符在当前源字符集中无效(代码页 65001)。
C:\Users\Administrator\Desktop\TemplateMatch\TemplateMatch\TemplateMatch\TemplateMatch.cpp(1,1): warning C4828: 文件包含在偏移 0x1890 处开始的字符，该字符在当前源字符集中无效(代码页 65001)。
C:\Users\Administrator\Desktop\TemplateMatch\TemplateMatch\TemplateMatch\TemplateMatch.cpp(1,1): warning C4828: 文件包含在偏移 0x1891 处开始的字符，该字符在当前源字符集中无效(代码页 65001)。
C:\Users\Administrator\Desktop\TemplateMatch\TemplateMatch\TemplateMatch\TemplateMatch.cpp(1,1): warning C4828: 文件包含在偏移 0x1892 处开始的字符，该字符在当前源字符集中无效(代码页 65001)。
C:\Users\Administrator\Desktop\TemplateMatch\TemplateMatch\TemplateMatch\TemplateMatch.cpp(1,1): warning C4828: 文件包含在偏移 0x1894 处开始的字符，该字符在当前源字符集中无效(代码页 65001)。
C:\Users\Administrator\Desktop\TemplateMatch\TemplateMatch\TemplateMatch\TemplateMatch.cpp(1,1): warning C4828: 文件包含在偏移 0x1896 处开始的字符，该字符在当前源字符集中无效(代码页 65001)。
C:\Users\Administrator\Desktop\TemplateMatch\TemplateMatch\TemplateMatch\TemplateMatch.cpp(1,1): warning C4828: 文件包含在偏移 0x1897 处开始的字符，该字符在当前源字符集中无效(代码页 65001)。
C:\Users\Administrator\Desktop\TemplateMatch\TemplateMatch\TemplateMatch\TemplateMatch.cpp(1,1): warning C4828: 文件包含在偏移 0x1899 处开始的字符，该字符在当前源字符集中无效(代码页 65001)。
C:\Users\Administrator\Desktop\TemplateMatch\TemplateMatch\TemplateMatch\TemplateMatch.cpp(1,1): warning C4828: 文件包含在偏移 0x189a 处开始的字符，该字符在当前源字符集中无效(代码页 65001)。
C:\Users\Administrator\Desktop\TemplateMatch\TemplateMatch\TemplateMatch\TemplateMatch.cpp(1,1): warning C4828: 文件包含在偏移 0x18b3 处开始的字符，该字符在当前源字符集中无效(代码页 65001)。
C:\Users\Administrator\Desktop\TemplateMatch\TemplateMatch\TemplateMatch\TemplateMatch.cpp(1,1): warning C4828: 文件包含在偏移 0x18c6 处开始的字符，该字符在当前源字符集中无效(代码页 65001)。
C:\Users\Administrator\Desktop\TemplateMatch\TemplateMatch\TemplateMatch\TemplateMatch.cpp(1,1): warning C4828: 文件包含在偏移 0x18c7 处开始的字符，该字符在当前源字符集中无效(代码页 65001)。
C:\Users\Administrator\Desktop\TemplateMatch\TemplateMatch\TemplateMatch\TemplateMatch.cpp(1,1): warning C4828: 文件包含在偏移 0x18c8 处开始的字符，该字符在当前源字符集中无效(代码页 65001)。
C:\Users\Administrator\Desktop\TemplateMatch\TemplateMatch\TemplateMatch\TemplateMatch.cpp(1,1): warning C4828: 文件包含在偏移 0x18c9 处开始的字符，该字符在当前源字符集中无效(代码页 65001)。
C:\Users\Administrator\Desktop\TemplateMatch\TemplateMatch\TemplateMatch\TemplateMatch.cpp(1,1): warning C4828: 文件包含在偏移 0x18db 处开始的字符，该字符在当前源字符集中无效(代码页 65001)。
C:\Users\Administrator\Desktop\TemplateMatch\TemplateMatch\TemplateMatch\TemplateMatch.cpp(1,1): warning C4828: 文件包含在偏移 0x18dc 处开始的字符，该字符在当前源字符集中无效(代码页 65001)。
C:\Users\Administrator\Desktop\TemplateMatch\TemplateMatch\TemplateMatch\TemplateMatch.cpp(1,1): warning C4828: 文件包含在偏移 0x18f4 处开始的字符，该字符在当前源字符集中无效(代码页 65001)。
C:\Users\Administrator\Desktop\TemplateMatch\TemplateMatch\TemplateMatch\TemplateMatch.cpp(1,1): warning C4828: 文件包含在偏移 0x18f5 处开始的字符，该字符在当前源字符集中无效(代码页 65001)。
C:\Users\Administrator\Desktop\TemplateMatch\TemplateMatch\TemplateMatch\TemplateMatch.cpp(1,1): warning C4828: 文件包含在偏移 0x18fa 处开始的字符，该字符在当前源字符集中无效(代码页 65001)。
C:\Users\Administrator\Desktop\TemplateMatch\TemplateMatch\TemplateMatch\TemplateMatch.cpp(1,1): warning C4828: 文件包含在偏移 0x18fb 处开始的字符，该字符在当前源字符集中无效(代码页 65001)。
C:\Users\Administrator\Desktop\TemplateMatch\TemplateMatch\TemplateMatch\TemplateMatch.cpp(1,1): warning C4828: 文件包含在偏移 0x18fe 处开始的字符，该字符在当前源字符集中无效(代码页 65001)。
C:\Users\Administrator\Desktop\TemplateMatch\TemplateMatch\TemplateMatch\TemplateMatch.cpp(1,1): warning C4828: 文件包含在偏移 0x18ff 处开始的字符，该字符在当前源字符集中无效(代码页 65001)。
C:\Users\Administrator\Desktop\TemplateMatch\TemplateMatch\TemplateMatch\TemplateMatch.cpp(1,1): warning C4828: 文件包含在偏移 0x1900 处开始的字符，该字符在当前源字符集中无效(代码页 65001)。
C:\Users\Administrator\Desktop\TemplateMatch\TemplateMatch\TemplateMatch\TemplateMatch.cpp(1,1): warning C4828: 文件包含在偏移 0x1901 处开始的字符，该字符在当前源字符集中无效(代码页 65001)。
C:\Users\Administrator\Desktop\TemplateMatch\TemplateMatch\TemplateMatch\TemplateMatch.cpp(1,1): warning C4828: 文件包含在偏移 0x1903 处开始的字符，该字符在当前源字符集中无效(代码页 65001)。
C:\Users\Administrator\Desktop\TemplateMatch\TemplateMatch\TemplateMatch\TemplateMatch.cpp(1,1): warning C4828: 文件包含在偏移 0x1906 处开始的字符，该字符在当前源字符集中无效(代码页 65001)。
C:\Users\Administrator\Desktop\TemplateMatch\TemplateMatch\TemplateMatch\TemplateMatch.cpp(1,1): warning C4828: 文件包含在偏移 0x1908 处开始的字符，该字符在当前源字符集中无效(代码页 65001)。
C:\Users\Administrator\Desktop\TemplateMatch\TemplateMatch\TemplateMatch\TemplateMatch.cpp(1,1): warning C4828: 文件包含在偏移 0x190a 处开始的字符，该字符在当前源字符集中无效(代码页 65001)。
C:\Users\Administrator\Desktop\TemplateMatch\TemplateMatch\TemplateMatch\TemplateMatch.cpp(1,1): warning C4828: 文件包含在偏移 0x190d 处开始的字符，该字符在当前源字符集中无效(代码页 65001)。
C:\Users\Administrator\Desktop\TemplateMatch\TemplateMatch\TemplateMatch\TemplateMatch.cpp(1,1): warning C4828: 文件包含在偏移 0x190f 处开始的字符，该字符在当前源字符集中无效(代码页 65001)。
C:\Users\Administrator\Desktop\TemplateMatch\TemplateMatch\TemplateMatch\TemplateMatch.cpp(1,1): warning C4828: 文件包含在偏移 0x1910 处开始的字符，该字符在当前源字符集中无效(代码页 65001)。
C:\Users\Administrator\Desktop\TemplateMatch\TemplateMatch\TemplateMatch\TemplateMatch.cpp(1,1): warning C4828: 文件包含在偏移 0x1911 处开始的字符，该字符在当前源字符集中无效(代码页 65001)。
C:\Users\Administrator\Desktop\TemplateMatch\TemplateMatch\TemplateMatch\TemplateMatch.cpp(1,1): warning C4828: 文件包含在偏移 0x1912 处开始的字符，该字符在当前源字符集中无效(代码页 65001)。
C:\Users\Administrator\Desktop\TemplateMatch\TemplateMatch\TemplateMatch\TemplateMatch.cpp(1,1): warning C4828: 文件包含在偏移 0x1913 处开始的字符，该字符在当前源字符集中无效(代码页 65001)。
C:\Users\Administrator\Desktop\TemplateMatch\TemplateMatch\TemplateMatch\TemplateMatch.cpp(1,1): warning C4828: 文件包含在偏移 0x1914 处开始的字符，该字符在当前源字符集中无效(代码页 65001)。
C:\Users\Administrator\Desktop\TemplateMatch\TemplateMatch\TemplateMatch\TemplateMatch.cpp(1,1): warning C4828: 文件包含在偏移 0x1918 处开始的字符，该字符在当前源字符集中无效(代码页 65001)。
C:\Users\Administrator\Desktop\TemplateMatch\TemplateMatch\TemplateMatch\TemplateMatch.cpp(1,1): warning C4828: 文件包含在偏移 0x1919 处开始的字符，该字符在当前源字符集中无效(代码页 65001)。
C:\Users\Administrator\Desktop\TemplateMatch\TemplateMatch\TemplateMatch\TemplateMatch.cpp(1,1): warning C4828: 文件包含在偏移 0x192a 处开始的字符，该字符在当前源字符集中无效(代码页 65001)。
C:\Users\Administrator\Desktop\TemplateMatch\TemplateMatch\TemplateMatch\TemplateMatch.cpp(1,1): warning C4828: 文件包含在偏移 0x192b 处开始的字符，该字符在当前源字符集中无效(代码页 65001)。
C:\Users\Administrator\Desktop\TemplateMatch\TemplateMatch\TemplateMatch\TemplateMatch.cpp(1,1): warning C4828: 文件包含在偏移 0x192e 处开始的字符，该字符在当前源字符集中无效(代码页 65001)。
C:\Users\Administrator\Desktop\TemplateMatch\TemplateMatch\TemplateMatch\TemplateMatch.cpp(1,1): warning C4828: 文件包含在偏移 0x192f 处开始的字符，该字符在当前源字符集中无效(代码页 65001)。
C:\Users\Administrator\Desktop\TemplateMatch\TemplateMatch\TemplateMatch\TemplateMatch.cpp(1,1): warning C4828: 文件包含在偏移 0x1932 处开始的字符，该字符在当前源字符集中无效(代码页 65001)。
C:\Users\Administrator\Desktop\TemplateMatch\TemplateMatch\TemplateMatch\TemplateMatch.cpp(1,1): warning C4828: 文件包含在偏移 0x1933 处开始的字符，该字符在当前源字符集中无效(代码页 65001)。
C:\Users\Administrator\Desktop\TemplateMatch\TemplateMatch\TemplateMatch\TemplateMatch.cpp(1,1): warning C4828: 文件包含在偏移 0x1934 处开始的字符，该字符在当前源字符集中无效(代码页 65001)。
C:\Users\Administrator\Desktop\TemplateMatch\TemplateMatch\TemplateMatch\TemplateMatch.cpp(1,1): warning C4828: 文件包含在偏移 0x1936 处开始的字符，该字符在当前源字符集中无效(代码页 65001)。
C:\Users\Administrator\Desktop\TemplateMatch\TemplateMatch\TemplateMatch\TemplateMatch.cpp(1,1): warning C4828: 文件包含在偏移 0x1939 处开始的字符，该字符在当前源字符集中无效(代码页 65001)。
C:\Users\Administrator\Desktop\TemplateMatch\TemplateMatch\TemplateMatch\TemplateMatch.cpp(1,1): warning C4828: 文件包含在偏移 0x193a 处开始的字符，该字符在当前源字符集中无效(代码页 65001)。
C:\Users\Administrator\Desktop\TemplateMatch\TemplateMatch\TemplateMatch\TemplateMatch.cpp(1,1): warning C4828: 文件包含在偏移 0x193b 处开始的字符，该字符在当前源字符集中无效(代码页 65001)。
C:\Users\Administrator\Desktop\TemplateMatch\TemplateMatch\TemplateMatch\TemplateMatch.cpp(1,1): warning C4828: 文件包含在偏移 0x193e 处开始的字符，该字符在当前源字符集中无效(代码页 65001)。
C:\Users\Administrator\Desktop\TemplateMatch\TemplateMatch\TemplateMatch\TemplateMatch.cpp(1,1): warning C4828: 文件包含在偏移 0x193f 处开始的字符，该字符在当前源字符集中无效(代码页 65001)。
C:\Users\Administrator\Desktop\TemplateMatch\TemplateMatch\TemplateMatch\TemplateMatch.cpp(1,1): warning C4828: 文件包含在偏移 0x1942 处开始的字符，该字符在当前源字符集中无效(代码页 65001)。
C:\Users\Administrator\Desktop\TemplateMatch\TemplateMatch\TemplateMatch\TemplateMatch.cpp(1,1): warning C4828: 文件包含在偏移 0x1946 处开始的字符，该字符在当前源字符集中无效(代码页 65001)。
C:\Users\Administrator\Desktop\TemplateMatch\TemplateMatch\TemplateMatch\TemplateMatch.cpp(1,1): warning C4828: 文件包含在偏移 0x1948 处开始的字符，该字符在当前源字符集中无效(代码页 65001)。
C:\Users\Administrator\Desktop\TemplateMatch\TemplateMatch\TemplateMatch\TemplateMatch.cpp(1,1): warning C4828: 文件包含在偏移 0x194c 处开始的字符，该字符在当前源字符集中无效(代码页 65001)。
C:\Users\Administrator\Desktop\TemplateMatch\TemplateMatch\TemplateMatch\TemplateMatch.cpp(1,1): warning C4828: 文件包含在偏移 0x194d 处开始的字符，该字符在当前源字符集中无效(代码页 65001)。
C:\Users\Administrator\Desktop\TemplateMatch\TemplateMatch\TemplateMatch\TemplateMatch.cpp(1,1): warning C4828: 文件包含在偏移 0x1950 处开始的字符，该字符在当前源字符集中无效(代码页 65001)。
C:\Users\Administrator\Desktop\TemplateMatch\TemplateMatch\TemplateMatch\TemplateMatch.cpp(1,1): warning C4828: 文件包含在偏移 0x1951 处开始的字符，该字符在当前源字符集中无效(代码页 65001)。
C:\Users\Administrator\Desktop\TemplateMatch\TemplateMatch\TemplateMatch\TemplateMatch.cpp(1,1): warning C4828: 文件包含在偏移 0x1952 处开始的字符，该字符在当前源字符集中无效(代码页 65001)。
C:\Users\Administrator\Desktop\TemplateMatch\TemplateMatch\TemplateMatch\TemplateMatch.cpp(1,1): warning C4828: 文件包含在偏移 0x1954 处开始的字符，该字符在当前源字符集中无效(代码页 65001)。
C:\Users\Administrator\Desktop\TemplateMatch\TemplateMatch\TemplateMatch\TemplateMatch.cpp(1,1): warning C4828: 文件包含在偏移 0x1955 处开始的字符，该字符在当前源字符集中无效(代码页 65001)。
C:\Users\Administrator\Desktop\TemplateMatch\TemplateMatch\TemplateMatch\TemplateMatch.cpp(1,1): warning C4828: 文件包含在偏移 0x1956 处开始的字符，该字符在当前源字符集中无效(代码页 65001)。
C:\Users\Administrator\Desktop\TemplateMatch\TemplateMatch\TemplateMatch\TemplateMatch.cpp(1,1): warning C4828: 文件包含在偏移 0x1958 处开始的字符，该字符在当前源字符集中无效(代码页 65001)。
C:\Users\Administrator\Desktop\TemplateMatch\TemplateMatch\TemplateMatch\TemplateMatch.cpp(1,1): warning C4828: 文件包含在偏移 0x195a 处开始的字符，该字符在当前源字符集中无效(代码页 65001)。
C:\Users\Administrator\Desktop\TemplateMatch\TemplateMatch\TemplateMatch\TemplateMatch.cpp(1,1): warning C4828: 文件包含在偏移 0x195b 处开始的字符，该字符在当前源字符集中无效(代码页 65001)。
C:\Users\Administrator\Desktop\TemplateMatch\TemplateMatch\TemplateMatch\TemplateMatch.cpp(1,1): warning C4828: 文件包含在偏移 0x195c 处开始的字符，该字符在当前源字符集中无效(代码页 65001)。
C:\Users\Administrator\Desktop\TemplateMatch\TemplateMatch\TemplateMatch\TemplateMatch.cpp(1,1): warning C4828: 文件包含在偏移 0x195f 处开始的字符，该字符在当前源字符集中无效(代码页 65001)。
C:\Users\Administrator\Desktop\TemplateMatch\TemplateMatch\TemplateMatch\TemplateMatch.cpp(1,1): warning C4828: 文件包含在偏移 0x1966 处开始的字符，该字符在当前源字符集中无效(代码页 65001)。
C:\Users\Administrator\Desktop\TemplateMatch\TemplateMatch\TemplateMatch\TemplateMatch.cpp(1,1): warning C4828: 文件包含在偏移 0x1969 处开始的字符，该字符在当前源字符集中无效(代码页 65001)。
C:\Users\Administrator\Desktop\TemplateMatch\TemplateMatch\TemplateMatch\TemplateMatch.cpp(1,1): warning C4828: 文件包含在偏移 0x1982 处开始的字符，该字符在当前源字符集中无效(代码页 65001)。
C:\Users\Administrator\Desktop\TemplateMatch\TemplateMatch\TemplateMatch\TemplateMatch.cpp(1,1): warning C4828: 文件包含在偏移 0x1985 处开始的字符，该字符在当前源字符集中无效(代码页 65001)。
C:\Users\Administrator\Desktop\TemplateMatch\TemplateMatch\TemplateMatch\TemplateMatch.cpp(1,1): warning C4828: 文件包含在偏移 0x1987 处开始的字符，该字符在当前源字符集中无效(代码页 65001)。
C:\Users\Administrator\Desktop\TemplateMatch\TemplateMatch\TemplateMatch\TemplateMatch.cpp(1,1): warning C4828: 文件包含在偏移 0x198a 处开始的字符，该字符在当前源字符集中无效(代码页 65001)。
C:\Users\Administrator\Desktop\TemplateMatch\TemplateMatch\TemplateMatch\TemplateMatch.cpp(1,1): warning C4828: 文件包含在偏移 0x198c 处开始的字符，该字符在当前源字符集中无效(代码页 65001)。
C:\Users\Administrator\Desktop\TemplateMatch\TemplateMatch\TemplateMatch\TemplateMatch.cpp(1,1): warning C4828: 文件包含在偏移 0x198e 处开始的字符，该字符在当前源字符集中无效(代码页 65001)。
C:\Users\Administrator\Desktop\TemplateMatch\TemplateMatch\TemplateMatch\TemplateMatch.cpp(1,1): warning C4828: 文件包含在偏移 0x1990 处开始的字符，该字符在当前源字符集中无效(代码页 65001)。
C:\Users\Administrator\Desktop\TemplateMatch\TemplateMatch\TemplateMatch\TemplateMatch.cpp(1,1): warning C4828: 文件包含在偏移 0x1993 处开始的字符，该字符在当前源字符集中无效(代码页 65001)。
C:\Users\Administrator\Desktop\TemplateMatch\TemplateMatch\TemplateMatch\TemplateMatch.cpp(1,1): warning C4828: 文件包含在偏移 0x1994 处开始的字符，该字符在当前源字符集中无效(代码页 65001)。
C:\Users\Administrator\Desktop\TemplateMatch\TemplateMatch\TemplateMatch\TemplateMatch.cpp(1,1): warning C4828: 文件包含在偏移 0x1995 处开始的字符，该字符在当前源字符集中无效(代码页 65001)。
C:\Users\Administrator\Desktop\TemplateMatch\TemplateMatch\TemplateMatch\TemplateMatch.cpp(1,1): warning C4828: 文件包含在偏移 0x1997 处开始的字符，该字符在当前源字符集中无效(代码页 65001)。
C:\Users\Administrator\Desktop\TemplateMatch\TemplateMatch\TemplateMatch\TemplateMatch.cpp(1,1): warning C4828: 文件包含在偏移 0x1998 处开始的字符，该字符在当前源字符集中无效(代码页 65001)。
C:\Users\Administrator\Desktop\TemplateMatch\TemplateMatch\TemplateMatch\TemplateMatch.cpp(1,1): warning C4828: 文件包含在偏移 0x1999 处开始的字符，该字符在当前源字符集中无效(代码页 65001)。
C:\Users\Administrator\Desktop\TemplateMatch\TemplateMatch\TemplateMatch\TemplateMatch.cpp(1,1): warning C4828: 文件包含在偏移 0x199d 处开始的字符，该字符在当前源字符集中无效(代码页 65001)。
C:\Users\Administrator\Desktop\TemplateMatch\TemplateMatch\TemplateMatch\TemplateMatch.cpp(1,1): warning C4828: 文件包含在偏移 0x199f 处开始的字符，该字符在当前源字符集中无效(代码页 65001)。
C:\Users\Administrator\Desktop\TemplateMatch\TemplateMatch\TemplateMatch\TemplateMatch.cpp(1,1): warning C4828: 文件包含在偏移 0x19a1 处开始的字符，该字符在当前源字符集中无效(代码页 65001)。
C:\Users\Administrator\Desktop\TemplateMatch\TemplateMatch\TemplateMatch\TemplateMatch.cpp(1,1): warning C4828: 文件包含在偏移 0x19a2 处开始的字符，该字符在当前源字符集中无效(代码页 65001)。
C:\Users\Administrator\Desktop\TemplateMatch\TemplateMatch\TemplateMatch\TemplateMatch.cpp(1,1): warning C4828: 文件包含在偏移 0x19a6 处开始的字符，该字符在当前源字符集中无效(代码页 65001)。
C:\Users\Administrator\Desktop\TemplateMatch\TemplateMatch\TemplateMatch\TemplateMatch.cpp(1,1): warning C4828: 文件包含在偏移 0x19a7 处开始的字符，该字符在当前源字符集中无效(代码页 65001)。
C:\Users\Administrator\Desktop\TemplateMatch\TemplateMatch\TemplateMatch\TemplateMatch.cpp(1,1): warning C4828: 文件包含在偏移 0x19a8 处开始的字符，该字符在当前源字符集中无效(代码页 65001)。
C:\Users\Administrator\Desktop\TemplateMatch\TemplateMatch\TemplateMatch\TemplateMatch.cpp(1,1): warning C4828: 文件包含在偏移 0x19aa 处开始的字符，该字符在当前源字符集中无效(代码页 65001)。
C:\Users\Administrator\Desktop\TemplateMatch\TemplateMatch\TemplateMatch\TemplateMatch.cpp(1,1): warning C4828: 文件包含在偏移 0x19ad 处开始的字符，该字符在当前源字符集中无效(代码页 65001)。
C:\Users\Administrator\Desktop\TemplateMatch\TemplateMatch\TemplateMatch\TemplateMatch.cpp(1,1): warning C4828: 文件包含在偏移 0x1a35 处开始的字符，该字符在当前源字符集中无效(代码页 65001)。
C:\Users\Administrator\Desktop\TemplateMatch\TemplateMatch\TemplateMatch\TemplateMatch.cpp(1,1): warning C4828: 文件包含在偏移 0x1a36 处开始的字符，该字符在当前源字符集中无效(代码页 65001)。
C:\Users\Administrator\Desktop\TemplateMatch\TemplateMatch\TemplateMatch\TemplateMatch.cpp(1,1): warning C4828: 文件包含在偏移 0x1a37 处开始的字符，该字符在当前源字符集中无效(代码页 65001)。
C:\Users\Administrator\Desktop\TemplateMatch\TemplateMatch\TemplateMatch\TemplateMatch.cpp(1,1): warning C4828: 文件包含在偏移 0x1a39 处开始的字符，该字符在当前源字符集中无效(代码页 65001)。
C:\Users\Administrator\Desktop\TemplateMatch\TemplateMatch\TemplateMatch\TemplateMatch.cpp(1,1): warning C4828: 文件包含在偏移 0x1a3b 处开始的字符，该字符在当前源字符集中无效(代码页 65001)。
C:\Users\Administrator\Desktop\TemplateMatch\TemplateMatch\TemplateMatch\TemplateMatch.cpp(1,1): warning C4828: 文件包含在偏移 0x1a3c 处开始的字符，该字符在当前源字符集中无效(代码页 65001)。
C:\Users\Administrator\Desktop\TemplateMatch\TemplateMatch\TemplateMatch\TemplateMatch.cpp(1,1): warning C4828: 文件包含在偏移 0x1a3e 处开始的字符，该字符在当前源字符集中无效(代码页 65001)。
C:\Users\Administrator\Desktop\TemplateMatch\TemplateMatch\TemplateMatch\TemplateMatch.cpp(1,1): warning C4828: 文件包含在偏移 0x1a3f 处开始的字符，该字符在当前源字符集中无效(代码页 65001)。
C:\Users\Administrator\Desktop\TemplateMatch\TemplateMatch\TemplateMatch\TemplateMatch.cpp(1,1): warning C4828: 文件包含在偏移 0x1acb 处开始的字符，该字符在当前源字符集中无效(代码页 65001)。
C:\Users\Administrator\Desktop\TemplateMatch\TemplateMatch\TemplateMatch\TemplateMatch.cpp(1,1): warning C4828: 文件包含在偏移 0x1ace 处开始的字符，该字符在当前源字符集中无效(代码页 65001)。
C:\Users\Administrator\Desktop\TemplateMatch\TemplateMatch\TemplateMatch\TemplateMatch.cpp(1,1): warning C4828: 文件包含在偏移 0x1ad4 处开始的字符，该字符在当前源字符集中无效(代码页 65001)。
C:\Users\Administrator\Desktop\TemplateMatch\TemplateMatch\TemplateMatch\TemplateMatch.cpp(1,1): warning C4828: 文件包含在偏移 0x1ad6 处开始的字符，该字符在当前源字符集中无效(代码页 65001)。
C:\Users\Administrator\Desktop\TemplateMatch\TemplateMatch\TemplateMatch\TemplateMatch.cpp(1,1): warning C4828: 文件包含在偏移 0x1ad7 处开始的字符，该字符在当前源字符集中无效(代码页 65001)。
C:\Users\Administrator\Desktop\TemplateMatch\TemplateMatch\TemplateMatch\TemplateMatch.cpp(1,1): warning C4828: 文件包含在偏移 0x1ad9 处开始的字符，该字符在当前源字符集中无效(代码页 65001)。
C:\Users\Administrator\Desktop\TemplateMatch\TemplateMatch\TemplateMatch\TemplateMatch.cpp(1,1): warning C4828: 文件包含在偏移 0x1b05 处开始的字符，该字符在当前源字符集中无效(代码页 65001)。
C:\Users\Administrator\Desktop\TemplateMatch\TemplateMatch\TemplateMatch\TemplateMatch.cpp(1,1): warning C4828: 文件包含在偏移 0x1b06 处开始的字符，该字符在当前源字符集中无效(代码页 65001)。
C:\Users\Administrator\Desktop\TemplateMatch\TemplateMatch\TemplateMatch\TemplateMatch.cpp(1,1): warning C4828: 文件包含在偏移 0x1b07 处开始的字符，该字符在当前源字符集中无效(代码页 65001)。
C:\Users\Administrator\Desktop\TemplateMatch\TemplateMatch\TemplateMatch\TemplateMatch.cpp(1,1): warning C4828: 文件包含在偏移 0x1b09 处开始的字符，该字符在当前源字符集中无效(代码页 65001)。
C:\Users\Administrator\Desktop\TemplateMatch\TemplateMatch\TemplateMatch\TemplateMatch.cpp(1,1): warning C4828: 文件包含在偏移 0x1b0a 处开始的字符，该字符在当前源字符集中无效(代码页 65001)。
C:\Users\Administrator\Desktop\TemplateMatch\TemplateMatch\TemplateMatch\TemplateMatch.cpp(1,1): warning C4828: 文件包含在偏移 0x1b12 处开始的字符，该字符在当前源字符集中无效(代码页 65001)。
C:\Users\Administrator\Desktop\TemplateMatch\TemplateMatch\TemplateMatch\TemplateMatch.cpp(1,1): warning C4828: 文件包含在偏移 0x1b13 处开始的字符，该字符在当前源字符集中无效(代码页 65001)。
C:\Users\Administrator\Desktop\TemplateMatch\TemplateMatch\TemplateMatch\TemplateMatch.cpp(1,1): warning C4828: 文件包含在偏移 0x1b14 处开始的字符，该字符在当前源字符集中无效(代码页 65001)。
C:\Users\Administrator\Desktop\TemplateMatch\TemplateMatch\TemplateMatch\TemplateMatch.cpp(1,1): warning C4828: 文件包含在偏移 0x1b16 处开始的字符，该字符在当前源字符集中无效(代码页 65001)。
C:\Users\Administrator\Desktop\TemplateMatch\TemplateMatch\TemplateMatch\TemplateMatch.cpp(1,1): warning C4828: 文件包含在偏移 0x1b19 处开始的字符，该字符在当前源字符集中无效(代码页 65001)。
C:\Users\Administrator\Desktop\TemplateMatch\TemplateMatch\TemplateMatch\TemplateMatch.cpp(1,1): warning C4828: 文件包含在偏移 0x1b1d 处开始的字符，该字符在当前源字符集中无效(代码页 65001)。
C:\Users\Administrator\Desktop\TemplateMatch\TemplateMatch\TemplateMatch\TemplateMatch.cpp(1,1): warning C4828: 文件包含在偏移 0x1b21 处开始的字符，该字符在当前源字符集中无效(代码页 65001)。
C:\Users\Administrator\Desktop\TemplateMatch\TemplateMatch\TemplateMatch\TemplateMatch.cpp(1,1): warning C4828: 文件包含在偏移 0x1b22 处开始的字符，该字符在当前源字符集中无效(代码页 65001)。
C:\Users\Administrator\Desktop\TemplateMatch\TemplateMatch\TemplateMatch\TemplateMatch.cpp(1,1): warning C4828: 文件包含在偏移 0x1b25 处开始的字符，该字符在当前源字符集中无效(代码页 65001)。
C:\Users\Administrator\Desktop\TemplateMatch\TemplateMatch\TemplateMatch\TemplateMatch.cpp(1,1): warning C4828: 文件包含在偏移 0x1b26 处开始的字符，该字符在当前源字符集中无效(代码页 65001)。
C:\Users\Administrator\Desktop\TemplateMatch\TemplateMatch\TemplateMatch\TemplateMatch.cpp(1,1): warning C4828: 文件包含在偏移 0x1b27 处开始的字符，该字符在当前源字符集中无效(代码页 65001)。
C:\Users\Administrator\Desktop\TemplateMatch\TemplateMatch\TemplateMatch\TemplateMatch.cpp(1,1): warning C4828: 文件包含在偏移 0x1b28 处开始的字符，该字符在当前源字符集中无效(代码页 65001)。
C:\Users\Administrator\Desktop\TemplateMatch\TemplateMatch\TemplateMatch\TemplateMatch.cpp(1,1): warning C4828: 文件包含在偏移 0x1c2f 处开始的字符，该字符在当前源字符集中无效(代码页 65001)。
C:\Users\Administrator\Desktop\TemplateMatch\TemplateMatch\TemplateMatch\TemplateMatch.cpp(1,1): warning C4828: 文件包含在偏移 0x1c30 处开始的字符，该字符在当前源字符集中无效(代码页 65001)。
C:\Users\Administrator\Desktop\TemplateMatch\TemplateMatch\TemplateMatch\TemplateMatch.cpp(1,1): warning C4828: 文件包含在偏移 0x1c32 处开始的字符，该字符在当前源字符集中无效(代码页 65001)。
C:\Users\Administrator\Desktop\TemplateMatch\TemplateMatch\TemplateMatch\TemplateMatch.cpp(1,1): warning C4828: 文件包含在偏移 0x1c37 处开始的字符，该字符在当前源字符集中无效(代码页 65001)。
C:\Users\Administrator\Desktop\TemplateMatch\TemplateMatch\TemplateMatch\TemplateMatch.cpp(1,1): warning C4828: 文件包含在偏移 0x1c39 处开始的字符，该字符在当前源字符集中无效(代码页 65001)。
C:\Users\Administrator\Desktop\TemplateMatch\TemplateMatch\TemplateMatch\TemplateMatch.cpp(1,1): warning C4828: 文件包含在偏移 0x1c3a 处开始的字符，该字符在当前源字符集中无效(代码页 65001)。
C:\Users\Administrator\Desktop\TemplateMatch\TemplateMatch\TemplateMatch\TemplateMatch.cpp(1,1): warning C4828: 文件包含在偏移 0x1c3c 处开始的字符，该字符在当前源字符集中无效(代码页 65001)。
C:\Users\Administrator\Desktop\TemplateMatch\TemplateMatch\TemplateMatch\TemplateMatch.cpp(1,1): warning C4828: 文件包含在偏移 0x1c3d 处开始的字符，该字符在当前源字符集中无效(代码页 65001)。
C:\Users\Administrator\Desktop\TemplateMatch\TemplateMatch\TemplateMatch\TemplateMatch.cpp(1,1): warning C4828: 文件包含在偏移 0x1d04 处开始的字符，该字符在当前源字符集中无效(代码页 65001)。
C:\Users\Administrator\Desktop\TemplateMatch\TemplateMatch\TemplateMatch\TemplateMatch.cpp(1,1): warning C4828: 文件包含在偏移 0x1d05 处开始的字符，该字符在当前源字符集中无效(代码页 65001)。
C:\Users\Administrator\Desktop\TemplateMatch\TemplateMatch\TemplateMatch\TemplateMatch.cpp(1,1): warning C4828: 文件包含在偏移 0x1d07 处开始的字符，该字符在当前源字符集中无效(代码页 65001)。
C:\Users\Administrator\Desktop\TemplateMatch\TemplateMatch\TemplateMatch\TemplateMatch.cpp(1,1): warning C4828: 文件包含在偏移 0x1d08 处开始的字符，该字符在当前源字符集中无效(代码页 65001)。
C:\Users\Administrator\Desktop\TemplateMatch\TemplateMatch\TemplateMatch\TemplateMatch.cpp(1,1): warning C4828: 文件包含在偏移 0x1d0a 处开始的字符，该字符在当前源字符集中无效(代码页 65001)。
C:\Users\Administrator\Desktop\TemplateMatch\TemplateMatch\TemplateMatch\TemplateMatch.cpp(1,1): warning C4828: 文件包含在偏移 0x1d0b 处开始的字符，该字符在当前源字符集中无效(代码页 65001)。
C:\Users\Administrator\Desktop\TemplateMatch\TemplateMatch\TemplateMatch\TemplateMatch.cpp(1,1): warning C4828: 文件包含在偏移 0x1d0c 处开始的字符，该字符在当前源字符集中无效(代码页 65001)。
C:\Users\Administrator\Desktop\TemplateMatch\TemplateMatch\TemplateMatch\TemplateMatch.cpp(1,1): warning C4828: 文件包含在偏移 0x1d0e 处开始的字符，该字符在当前源字符集中无效(代码页 65001)。
C:\Users\Administrator\Desktop\TemplateMatch\TemplateMatch\TemplateMatch\TemplateMatch.cpp(1,1): warning C4828: 文件包含在偏移 0x1d0f 处开始的字符，该字符在当前源字符集中无效(代码页 65001)。
C:\Users\Administrator\Desktop\TemplateMatch\TemplateMatch\TemplateMatch\TemplateMatch.cpp(1,1): warning C4828: 文件包含在偏移 0x1d10 处开始的字符，该字符在当前源字符集中无效(代码页 65001)。
C:\Users\Administrator\Desktop\TemplateMatch\TemplateMatch\TemplateMatch\TemplateMatch.cpp(1,1): warning C4828: 文件包含在偏移 0x1d11 处开始的字符，该字符在当前源字符集中无效(代码页 65001)。
C:\Users\Administrator\Desktop\TemplateMatch\TemplateMatch\TemplateMatch\TemplateMatch.cpp(1,1): warning C4828: 文件包含在偏移 0x1d13 处开始的字符，该字符在当前源字符集中无效(代码页 65001)。
C:\Users\Administrator\Desktop\TemplateMatch\TemplateMatch\TemplateMatch\TemplateMatch.cpp(1,1): warning C4828: 文件包含在偏移 0x1d2f 处开始的字符，该字符在当前源字符集中无效(代码页 65001)。
C:\Users\Administrator\Desktop\TemplateMatch\TemplateMatch\TemplateMatch\TemplateMatch.cpp(1,1): warning C4828: 文件包含在偏移 0x1d31 处开始的字符，该字符在当前源字符集中无效(代码页 65001)。
C:\Users\Administrator\Desktop\TemplateMatch\TemplateMatch\TemplateMatch\TemplateMatch.cpp(1,1): warning C4828: 文件包含在偏移 0x1d35 处开始的字符，该字符在当前源字符集中无效(代码页 65001)。
C:\Users\Administrator\Desktop\TemplateMatch\TemplateMatch\TemplateMatch\TemplateMatch.cpp(1,1): warning C4828: 文件包含在偏移 0x1d37 处开始的字符，该字符在当前源字符集中无效(代码页 65001)。
C:\Users\Administrator\Desktop\TemplateMatch\TemplateMatch\TemplateMatch\TemplateMatch.cpp(1,1): warning C4828: 文件包含在偏移 0x1d38 处开始的字符，该字符在当前源字符集中无效(代码页 65001)。
C:\Users\Administrator\Desktop\TemplateMatch\TemplateMatch\TemplateMatch\TemplateMatch.cpp(1,1): warning C4828: 文件包含在偏移 0x1d3b 处开始的字符，该字符在当前源字符集中无效(代码页 65001)。
C:\Users\Administrator\Desktop\TemplateMatch\TemplateMatch\TemplateMatch\TemplateMatch.cpp(1,1): warning C4828: 文件包含在偏移 0x1d3c 处开始的字符，该字符在当前源字符集中无效(代码页 65001)。
C:\Users\Administrator\Desktop\TemplateMatch\TemplateMatch\TemplateMatch\TemplateMatch.cpp(1,1): warning C4828: 文件包含在偏移 0x1d41 处开始的字符，该字符在当前源字符集中无效(代码页 65001)。
C:\Users\Administrator\Desktop\TemplateMatch\TemplateMatch\TemplateMatch\TemplateMatch.cpp(1,1): warning C4828: 文件包含在偏移 0x1d47 处开始的字符，该字符在当前源字符集中无效(代码页 65001)。
C:\Users\Administrator\Desktop\TemplateMatch\TemplateMatch\TemplateMatch\TemplateMatch.cpp(1,1): warning C4828: 文件包含在偏移 0x1d48 处开始的字符，该字符在当前源字符集中无效(代码页 65001)。
C:\Users\Administrator\Desktop\TemplateMatch\TemplateMatch\TemplateMatch\TemplateMatch.cpp(1,1): warning C4828: 文件包含在偏移 0x1d4a 处开始的字符，该字符在当前源字符集中无效(代码页 65001)。
C:\Users\Administrator\Desktop\TemplateMatch\TemplateMatch\TemplateMatch\TemplateMatch.cpp(1,1): warning C4828: 文件包含在偏移 0x1d4b 处开始的字符，该字符在当前源字符集中无效(代码页 65001)。
C:\Users\Administrator\Desktop\TemplateMatch\TemplateMatch\TemplateMatch\TemplateMatch.cpp(1,1): warning C4828: 文件包含在偏移 0x1d4e 处开始的字符，该字符在当前源字符集中无效(代码页 65001)。
C:\Users\Administrator\Desktop\TemplateMatch\TemplateMatch\TemplateMatch\TemplateMatch.cpp(1,1): warning C4828: 文件包含在偏移 0x1d52 处开始的字符，该字符在当前源字符集中无效(代码页 65001)。
C:\Users\Administrator\Desktop\TemplateMatch\TemplateMatch\TemplateMatch\TemplateMatch.cpp(1,1): warning C4828: 文件包含在偏移 0x1d67 处开始的字符，该字符在当前源字符集中无效(代码页 65001)。
C:\Users\Administrator\Desktop\TemplateMatch\TemplateMatch\TemplateMatch\TemplateMatch.cpp(1,1): warning C4828: 文件包含在偏移 0x1d68 处开始的字符，该字符在当前源字符集中无效(代码页 65001)。
C:\Users\Administrator\Desktop\TemplateMatch\TemplateMatch\TemplateMatch\TemplateMatch.cpp(1,1): warning C4828: 文件包含在偏移 0x1d6a 处开始的字符，该字符在当前源字符集中无效(代码页 65001)。
C:\Users\Administrator\Desktop\TemplateMatch\TemplateMatch\TemplateMatch\TemplateMatch.cpp(1,1): warning C4828: 文件包含在偏移 0x1d6d 处开始的字符，该字符在当前源字符集中无效(代码页 65001)。
C:\Users\Administrator\Desktop\TemplateMatch\TemplateMatch\TemplateMatch\TemplateMatch.cpp(1,1): warning C4828: 文件包含在偏移 0x1d6f 处开始的字符，该字符在当前源字符集中无效(代码页 65001)。
C:\Users\Administrator\Desktop\TemplateMatch\TemplateMatch\TemplateMatch\TemplateMatch.cpp(1,1): warning C4828: 文件包含在偏移 0x1d70 处开始的字符，该字符在当前源字符集中无效(代码页 65001)。
C:\Users\Administrator\Desktop\TemplateMatch\TemplateMatch\TemplateMatch\TemplateMatch.cpp(1,1): warning C4828: 文件包含在偏移 0x1d71 处开始的字符，该字符在当前源字符集中无效(代码页 65001)。
C:\Users\Administrator\Desktop\TemplateMatch\TemplateMatch\TemplateMatch\TemplateMatch.cpp(1,1): warning C4828: 文件包含在偏移 0x1d74 处开始的字符，该字符在当前源字符集中无效(代码页 65001)。
C:\Users\Administrator\Desktop\TemplateMatch\TemplateMatch\TemplateMatch\TemplateMatch.cpp(1,1): warning C4828: 文件包含在偏移 0x1d75 处开始的字符，该字符在当前源字符集中无效(代码页 65001)。
C:\Users\Administrator\Desktop\TemplateMatch\TemplateMatch\TemplateMatch\TemplateMatch.cpp(1,1): warning C4828: 文件包含在偏移 0x1d78 处开始的字符，该字符在当前源字符集中无效(代码页 65001)。
C:\Users\Administrator\Desktop\TemplateMatch\TemplateMatch\TemplateMatch\TemplateMatch.cpp(1,1): warning C4828: 文件包含在偏移 0x1d7d 处开始的字符，该字符在当前源字符集中无效(代码页 65001)。
C:\Users\Administrator\Desktop\TemplateMatch\TemplateMatch\TemplateMatch\TemplateMatch.cpp(1,1): warning C4828: 文件包含在偏移 0x1d7e 处开始的字符，该字符在当前源字符集中无效(代码页 65001)。
C:\Users\Administrator\Desktop\TemplateMatch\TemplateMatch\TemplateMatch\TemplateMatch.cpp(1,1): warning C4828: 文件包含在偏移 0x1d80 处开始的字符，该字符在当前源字符集中无效(代码页 65001)。
C:\Users\Administrator\Desktop\TemplateMatch\TemplateMatch\TemplateMatch\TemplateMatch.cpp(1,1): warning C4828: 文件包含在偏移 0x1d81 处开始的字符，该字符在当前源字符集中无效(代码页 65001)。
C:\Users\Administrator\Desktop\TemplateMatch\TemplateMatch\TemplateMatch\TemplateMatch.cpp(1,1): warning C4828: 文件包含在偏移 0x1d83 处开始的字符，该字符在当前源字符集中无效(代码页 65001)。
C:\Users\Administrator\Desktop\TemplateMatch\TemplateMatch\TemplateMatch\TemplateMatch.cpp(1,1): warning C4828: 文件包含在偏移 0x1d84 处开始的字符，该字符在当前源字符集中无效(代码页 65001)。
C:\Users\Administrator\Desktop\TemplateMatch\TemplateMatch\TemplateMatch\TemplateMatch.cpp(1,1): warning C4828: 文件包含在偏移 0x1d85 处开始的字符，该字符在当前源字符集中无效(代码页 65001)。
C:\Users\Administrator\Desktop\TemplateMatch\TemplateMatch\TemplateMatch\TemplateMatch.cpp(1,1): warning C4828: 文件包含在偏移 0x1d8a 处开始的字符，该字符在当前源字符集中无效(代码页 65001)。
C:\Users\Administrator\Desktop\TemplateMatch\TemplateMatch\TemplateMatch\TemplateMatch.cpp(1,1): warning C4828: 文件包含在偏移 0x1d8c 处开始的字符，该字符在当前源字符集中无效(代码页 65001)。
C:\Users\Administrator\Desktop\TemplateMatch\TemplateMatch\TemplateMatch\TemplateMatch.cpp(1,1): warning C4828: 文件包含在偏移 0x1d8d 处开始的字符，该字符在当前源字符集中无效(代码页 65001)。
C:\Users\Administrator\Desktop\TemplateMatch\TemplateMatch\TemplateMatch\TemplateMatch.cpp(1,1): warning C4828: 文件包含在偏移 0x1d8f 处开始的字符，该字符在当前源字符集中无效(代码页 65001)。
C:\Users\Administrator\Desktop\TemplateMatch\TemplateMatch\TemplateMatch\TemplateMatch.cpp(1,1): warning C4828: 文件包含在偏移 0x1d91 处开始的字符，该字符在当前源字符集中无效(代码页 65001)。
C:\Users\Administrator\Desktop\TemplateMatch\TemplateMatch\TemplateMatch\TemplateMatch.cpp(1,1): warning C4828: 文件包含在偏移 0x1d92 处开始的字符，该字符在当前源字符集中无效(代码页 65001)。
C:\Users\Administrator\Desktop\TemplateMatch\TemplateMatch\TemplateMatch\TemplateMatch.cpp(1,1): warning C4828: 文件包含在偏移 0x1d94 处开始的字符，该字符在当前源字符集中无效(代码页 65001)。
C:\Users\Administrator\Desktop\TemplateMatch\TemplateMatch\TemplateMatch\TemplateMatch.cpp(1,1): warning C4828: 文件包含在偏移 0x1d96 处开始的字符，该字符在当前源字符集中无效(代码页 65001)。
C:\Users\Administrator\Desktop\TemplateMatch\TemplateMatch\TemplateMatch\TemplateMatch.cpp(1,1): warning C4828: 文件包含在偏移 0x1d97 处开始的字符，该字符在当前源字符集中无效(代码页 65001)。
C:\Users\Administrator\Desktop\TemplateMatch\TemplateMatch\TemplateMatch\TemplateMatch.cpp(1,1): warning C4828: 文件包含在偏移 0x1d98 处开始的字符，该字符在当前源字符集中无效(代码页 65001)。
C:\Users\Administrator\Desktop\TemplateMatch\TemplateMatch\TemplateMatch\TemplateMatch.cpp(1,1): warning C4828: 文件包含在偏移 0x1d9a 处开始的字符，该字符在当前源字符集中无效(代码页 65001)。
C:\Users\Administrator\Desktop\TemplateMatch\TemplateMatch\TemplateMatch\TemplateMatch.cpp(1,1): warning C4828: 文件包含在偏移 0x1d9b 处开始的字符，该字符在当前源字符集中无效(代码页 65001)。
C:\Users\Administrator\Desktop\TemplateMatch\TemplateMatch\TemplateMatch\TemplateMatch.cpp(1,1): warning C4828: 文件包含在偏移 0x1d9c 处开始的字符，该字符在当前源字符集中无效(代码页 65001)。
C:\Users\Administrator\Desktop\TemplateMatch\TemplateMatch\TemplateMatch\TemplateMatch.cpp(1,1): warning C4828: 文件包含在偏移 0x1d9d 处开始的字符，该字符在当前源字符集中无效(代码页 65001)。
C:\Users\Administrator\Desktop\TemplateMatch\TemplateMatch\TemplateMatch\TemplateMatch.cpp(1,1): warning C4828: 文件包含在偏移 0x1edd 处开始的字符，该字符在当前源字符集中无效(代码页 65001)。
C:\Users\Administrator\Desktop\TemplateMatch\TemplateMatch\TemplateMatch\TemplateMatch.cpp(1,1): warning C4828: 文件包含在偏移 0x1edf 处开始的字符，该字符在当前源字符集中无效(代码页 65001)。
C:\Users\Administrator\Desktop\TemplateMatch\TemplateMatch\TemplateMatch\TemplateMatch.cpp(1,1): warning C4828: 文件包含在偏移 0x1ee5 处开始的字符，该字符在当前源字符集中无效(代码页 65001)。
C:\Users\Administrator\Desktop\TemplateMatch\TemplateMatch\TemplateMatch\TemplateMatch.cpp(1,1): warning C4828: 文件包含在偏移 0x1ee6 处开始的字符，该字符在当前源字符集中无效(代码页 65001)。
C:\Users\Administrator\Desktop\TemplateMatch\TemplateMatch\TemplateMatch\TemplateMatch.cpp(1,1): warning C4828: 文件包含在偏移 0x1ee8 处开始的字符，该字符在当前源字符集中无效(代码页 65001)。
C:\Users\Administrator\Desktop\TemplateMatch\TemplateMatch\TemplateMatch\TemplateMatch.cpp(1,1): warning C4828: 文件包含在偏移 0x1eec 处开始的字符，该字符在当前源字符集中无效(代码页 65001)。
C:\Users\Administrator\Desktop\TemplateMatch\TemplateMatch\TemplateMatch\TemplateMatch.cpp(1,1): warning C4828: 文件包含在偏移 0x1eee 处开始的字符，该字符在当前源字符集中无效(代码页 65001)。
C:\Users\Administrator\Desktop\TemplateMatch\TemplateMatch\TemplateMatch\TemplateMatch.cpp(1,1): warning C4828: 文件包含在偏移 0x1ef0 处开始的字符，该字符在当前源字符集中无效(代码页 65001)。
C:\Users\Administrator\Desktop\TemplateMatch\TemplateMatch\TemplateMatch\TemplateMatch.cpp(1,1): warning C4828: 文件包含在偏移 0x1ef1 处开始的字符，该字符在当前源字符集中无效(代码页 65001)。
C:\Users\Administrator\Desktop\TemplateMatch\TemplateMatch\TemplateMatch\TemplateMatch.cpp(1,1): warning C4828: 文件包含在偏移 0x1ef2 处开始的字符，该字符在当前源字符集中无效(代码页 65001)。
C:\Users\Administrator\Desktop\TemplateMatch\TemplateMatch\TemplateMatch\TemplateMatch.cpp(1,1): warning C4828: 文件包含在偏移 0x1ef4 处开始的字符，该字符在当前源字符集中无效(代码页 65001)。
C:\Users\Administrator\Desktop\TemplateMatch\TemplateMatch\TemplateMatch\TemplateMatch.cpp(1,1): warning C4828: 文件包含在偏移 0x1efb 处开始的字符，该字符在当前源字符集中无效(代码页 65001)。
C:\Users\Administrator\Desktop\TemplateMatch\TemplateMatch\TemplateMatch\TemplateMatch.cpp(1,1): warning C4828: 文件包含在偏移 0x1efd 处开始的字符，该字符在当前源字符集中无效(代码页 65001)。
C:\Users\Administrator\Desktop\TemplateMatch\TemplateMatch\TemplateMatch\TemplateMatch.cpp(1,1): warning C4828: 文件包含在偏移 0x1eff 处开始的字符，该字符在当前源字符集中无效(代码页 65001)。
C:\Users\Administrator\Desktop\TemplateMatch\TemplateMatch\TemplateMatch\TemplateMatch.cpp(1,1): warning C4828: 文件包含在偏移 0x1f02 处开始的字符，该字符在当前源字符集中无效(代码页 65001)。
C:\Users\Administrator\Desktop\TemplateMatch\TemplateMatch\TemplateMatch\TemplateMatch.cpp(1,1): warning C4828: 文件包含在偏移 0x1f04 处开始的字符，该字符在当前源字符集中无效(代码页 65001)。
C:\Users\Administrator\Desktop\TemplateMatch\TemplateMatch\TemplateMatch\TemplateMatch.cpp(1,1): warning C4828: 文件包含在偏移 0x1f07 处开始的字符，该字符在当前源字符集中无效(代码页 65001)。
C:\Users\Administrator\Desktop\TemplateMatch\TemplateMatch\TemplateMatch\TemplateMatch.cpp(1,1): warning C4828: 文件包含在偏移 0x1f27 处开始的字符，该字符在当前源字符集中无效(代码页 65001)。
C:\Users\Administrator\Desktop\TemplateMatch\TemplateMatch\TemplateMatch\TemplateMatch.cpp(1,1): warning C4828: 文件包含在偏移 0x1f28 处开始的字符，该字符在当前源字符集中无效(代码页 65001)。
C:\Users\Administrator\Desktop\TemplateMatch\TemplateMatch\TemplateMatch\TemplateMatch.cpp(1,1): warning C4828: 文件包含在偏移 0x1f2a 处开始的字符，该字符在当前源字符集中无效(代码页 65001)。
C:\Users\Administrator\Desktop\TemplateMatch\TemplateMatch\TemplateMatch\TemplateMatch.cpp(1,1): warning C4828: 文件包含在偏移 0x1f2b 处开始的字符，该字符在当前源字符集中无效(代码页 65001)。
C:\Users\Administrator\Desktop\TemplateMatch\TemplateMatch\TemplateMatch\TemplateMatch.cpp(1,1): warning C4828: 文件包含在偏移 0x1f30 处开始的字符，该字符在当前源字符集中无效(代码页 65001)。
C:\Users\Administrator\Desktop\TemplateMatch\TemplateMatch\TemplateMatch\TemplateMatch.cpp(1,1): warning C4828: 文件包含在偏移 0x1f32 处开始的字符，该字符在当前源字符集中无效(代码页 65001)。
C:\Users\Administrator\Desktop\TemplateMatch\TemplateMatch\TemplateMatch\TemplateMatch.cpp(1,1): warning C4828: 文件包含在偏移 0x1f36 处开始的字符，该字符在当前源字符集中无效(代码页 65001)。
C:\Users\Administrator\Desktop\TemplateMatch\TemplateMatch\TemplateMatch\TemplateMatch.cpp(1,1): warning C4828: 文件包含在偏移 0x1f38 处开始的字符，该字符在当前源字符集中无效(代码页 65001)。
C:\Users\Administrator\Desktop\TemplateMatch\TemplateMatch\TemplateMatch\TemplateMatch.cpp(1,1): warning C4828: 文件包含在偏移 0x1f39 处开始的字符，该字符在当前源字符集中无效(代码页 65001)。
C:\Users\Administrator\Desktop\TemplateMatch\TemplateMatch\TemplateMatch\TemplateMatch.cpp(1,1): warning C4828: 文件包含在偏移 0x1f3a 处开始的字符，该字符在当前源字符集中无效(代码页 65001)。
C:\Users\Administrator\Desktop\TemplateMatch\TemplateMatch\TemplateMatch\TemplateMatch.cpp(1,1): warning C4828: 文件包含在偏移 0x1f3b 处开始的字符，该字符在当前源字符集中无效(代码页 65001)。
C:\Users\Administrator\Desktop\TemplateMatch\TemplateMatch\TemplateMatch\TemplateMatch.cpp(1,1): warning C4828: 文件包含在偏移 0x1f41 处开始的字符，该字符在当前源字符集中无效(代码页 65001)。
C:\Users\Administrator\Desktop\TemplateMatch\TemplateMatch\TemplateMatch\TemplateMatch.cpp(1,1): warning C4828: 文件包含在偏移 0x1f42 处开始的字符，该字符在当前源字符集中无效(代码页 65001)。
C:\Users\Administrator\Desktop\TemplateMatch\TemplateMatch\TemplateMatch\TemplateMatch.cpp(1,1): warning C4828: 文件包含在偏移 0x1f43 处开始的字符，该字符在当前源字符集中无效(代码页 65001)。
C:\Users\Administrator\Desktop\TemplateMatch\TemplateMatch\TemplateMatch\TemplateMatch.cpp(1,1): warning C4828: 文件包含在偏移 0x1f44 处开始的字符，该字符在当前源字符集中无效(代码页 65001)。
C:\Users\Administrator\Desktop\TemplateMatch\TemplateMatch\TemplateMatch\TemplateMatch.cpp(1,1): warning C4828: 文件包含在偏移 0x1f47 处开始的字符，该字符在当前源字符集中无效(代码页 65001)。
C:\Users\Administrator\Desktop\TemplateMatch\TemplateMatch\TemplateMatch\TemplateMatch.cpp(1,1): warning C4828: 文件包含在偏移 0x1f48 处开始的字符，该字符在当前源字符集中无效(代码页 65001)。
C:\Users\Administrator\Desktop\TemplateMatch\TemplateMatch\TemplateMatch\TemplateMatch.cpp(1,1): warning C4828: 文件包含在偏移 0x1f49 处开始的字符，该字符在当前源字符集中无效(代码页 65001)。
C:\Users\Administrator\Desktop\TemplateMatch\TemplateMatch\TemplateMatch\TemplateMatch.cpp(1,1): warning C4828: 文件包含在偏移 0x1f4b 处开始的字符，该字符在当前源字符集中无效(代码页 65001)。
C:\Users\Administrator\Desktop\TemplateMatch\TemplateMatch\TemplateMatch\TemplateMatch.cpp(1,1): warning C4828: 文件包含在偏移 0x1f51 处开始的字符，该字符在当前源字符集中无效(代码页 65001)。
C:\Users\Administrator\Desktop\TemplateMatch\TemplateMatch\TemplateMatch\TemplateMatch.cpp(1,1): warning C4828: 文件包含在偏移 0x1f6b 处开始的字符，该字符在当前源字符集中无效(代码页 65001)。
C:\Users\Administrator\Desktop\TemplateMatch\TemplateMatch\TemplateMatch\TemplateMatch.cpp(1,1): warning C4828: 文件包含在偏移 0x1f6c 处开始的字符，该字符在当前源字符集中无效(代码页 65001)。
C:\Users\Administrator\Desktop\TemplateMatch\TemplateMatch\TemplateMatch\TemplateMatch.cpp(1,1): warning C4828: 文件包含在偏移 0x1f6d 处开始的字符，该字符在当前源字符集中无效(代码页 65001)。
C:\Users\Administrator\Desktop\TemplateMatch\TemplateMatch\TemplateMatch\TemplateMatch.cpp(1,1): warning C4828: 文件包含在偏移 0x1f6f 处开始的字符，该字符在当前源字符集中无效(代码页 65001)。
C:\Users\Administrator\Desktop\TemplateMatch\TemplateMatch\TemplateMatch\TemplateMatch.cpp(1,1): warning C4828: 文件包含在偏移 0x1f73 处开始的字符，该字符在当前源字符集中无效(代码页 65001)。
C:\Users\Administrator\Desktop\TemplateMatch\TemplateMatch\TemplateMatch\TemplateMatch.cpp(1,1): warning C4828: 文件包含在偏移 0x1f75 处开始的字符，该字符在当前源字符集中无效(代码页 65001)。
C:\Users\Administrator\Desktop\TemplateMatch\TemplateMatch\TemplateMatch\TemplateMatch.cpp(1,1): warning C4828: 文件包含在偏移 0x1f77 处开始的字符，该字符在当前源字符集中无效(代码页 65001)。
C:\Users\Administrator\Desktop\TemplateMatch\TemplateMatch\TemplateMatch\TemplateMatch.cpp(1,1): warning C4828: 文件包含在偏移 0x1f79 处开始的字符，该字符在当前源字符集中无效(代码页 65001)。
C:\Users\Administrator\Desktop\TemplateMatch\TemplateMatch\TemplateMatch\TemplateMatch.cpp(1,1): warning C4828: 文件包含在偏移 0x1f7b 处开始的字符，该字符在当前源字符集中无效(代码页 65001)。
C:\Users\Administrator\Desktop\TemplateMatch\TemplateMatch\TemplateMatch\TemplateMatch.cpp(1,1): warning C4828: 文件包含在偏移 0x1f7c 处开始的字符，该字符在当前源字符集中无效(代码页 65001)。
C:\Users\Administrator\Desktop\TemplateMatch\TemplateMatch\TemplateMatch\TemplateMatch.cpp(1,1): warning C4828: 文件包含在偏移 0x1f80 处开始的字符，该字符在当前源字符集中无效(代码页 65001)。
C:\Users\Administrator\Desktop\TemplateMatch\TemplateMatch\TemplateMatch\TemplateMatch.cpp(1,1): warning C4828: 文件包含在偏移 0x1f81 处开始的字符，该字符在当前源字符集中无效(代码页 65001)。
C:\Users\Administrator\Desktop\TemplateMatch\TemplateMatch\TemplateMatch\TemplateMatch.cpp(1,1): warning C4828: 文件包含在偏移 0x1f85 处开始的字符，该字符在当前源字符集中无效(代码页 65001)。
C:\Users\Administrator\Desktop\TemplateMatch\TemplateMatch\TemplateMatch\TemplateMatch.cpp(1,1): warning C4828: 文件包含在偏移 0x1f86 处开始的字符，该字符在当前源字符集中无效(代码页 65001)。
C:\Users\Administrator\Desktop\TemplateMatch\TemplateMatch\TemplateMatch\TemplateMatch.cpp(1,1): warning C4828: 文件包含在偏移 0x1f88 处开始的字符，该字符在当前源字符集中无效(代码页 65001)。
C:\Users\Administrator\Desktop\TemplateMatch\TemplateMatch\TemplateMatch\TemplateMatch.cpp(1,1): warning C4828: 文件包含在偏移 0x1f8a 处开始的字符，该字符在当前源字符集中无效(代码页 65001)。
C:\Users\Administrator\Desktop\TemplateMatch\TemplateMatch\TemplateMatch\TemplateMatch.cpp(1,1): warning C4828: 文件包含在偏移 0x1f8b 处开始的字符，该字符在当前源字符集中无效(代码页 65001)。
C:\Users\Administrator\Desktop\TemplateMatch\TemplateMatch\TemplateMatch\TemplateMatch.cpp(1,1): warning C4828: 文件包含在偏移 0x23f7 处开始的字符，该字符在当前源字符集中无效(代码页 65001)。
C:\Users\Administrator\Desktop\TemplateMatch\TemplateMatch\TemplateMatch\TemplateMatch.cpp(1,1): warning C4828: 文件包含在偏移 0x23f9 处开始的字符，该字符在当前源字符集中无效(代码页 65001)。
C:\Users\Administrator\Desktop\TemplateMatch\TemplateMatch\TemplateMatch\TemplateMatch.cpp(1,1): warning C4828: 文件包含在偏移 0x23fa 处开始的字符，该字符在当前源字符集中无效(代码页 65001)。
C:\Users\Administrator\Desktop\TemplateMatch\TemplateMatch\TemplateMatch\TemplateMatch.cpp(1,1): warning C4828: 文件包含在偏移 0x23fe 处开始的字符，该字符在当前源字符集中无效(代码页 65001)。
C:\Users\Administrator\Desktop\TemplateMatch\TemplateMatch\TemplateMatch\TemplateMatch.cpp(1,1): warning C4828: 文件包含在偏移 0x2730 处开始的字符，该字符在当前源字符集中无效(代码页 65001)。
C:\Users\Administrator\Desktop\TemplateMatch\TemplateMatch\TemplateMatch\TemplateMatch.cpp(1,1): warning C4828: 文件包含在偏移 0x2731 处开始的字符，该字符在当前源字符集中无效(代码页 65001)。
C:\Users\Administrator\Desktop\TemplateMatch\TemplateMatch\TemplateMatch\TemplateMatch.cpp(1,1): warning C4828: 文件包含在偏移 0x2732 处开始的字符，该字符在当前源字符集中无效(代码页 65001)。
C:\Users\Administrator\Desktop\TemplateMatch\TemplateMatch\TemplateMatch\TemplateMatch.cpp(1,1): warning C4828: 文件包含在偏移 0x2733 处开始的字符，该字符在当前源字符集中无效(代码页 65001)。
C:\Users\Administrator\Desktop\TemplateMatch\TemplateMatch\TemplateMatch\TemplateMatch.cpp(1,1): warning C4828: 文件包含在偏移 0x2737 处开始的字符，该字符在当前源字符集中无效(代码页 65001)。
    正在创建库 release\\TemplateMatch.lib 和对象 release\\TemplateMatch.exp
  TemplateMatch.vcxproj -> C:\Users\Administrator\Desktop\TemplateMatch\TemplateMatch\TemplateMatch\release\TemplateMatch.dll
  Copying TemplateMatch.dll to kcvide2\modules...
  已复制         1 个文件。
